<?xml version="1.0" encoding="UTF-8" ?>
<testsuites name="vitest tests" tests="1748" failures="0" errors="0" time="18.278050875">
    <testsuite name="scripts/cleanup-operation-plan-post-title.spec.ts" timestamp="2026-08-07T09:49:23.377Z" hostname="terceldeMac-mini.local" tests="11" failures="0" errors="0" skipped="0" time="0.002360834">
        <testcase classname="scripts/cleanup-operation-plan-post-title.spec.ts" name="cleanPost &gt; cleans a non-reddit polluted title and leaves settings untouched" time="0.000892125">
        </testcase>
        <testcase classname="scripts/cleanup-operation-plan-post-title.spec.ts" name="cleanPost &gt; returns null when the title is already clean (idempotent)" time="0.000108208">
        </testcase>
        <testcase classname="scripts/cleanup-operation-plan-post-title.spec.ts" name="cleanPost &gt; cleans BOTH Post.title and the reddit submit header, preserving other fields" time="0.000216333">
        </testcase>
        <testcase classname="scripts/cleanup-operation-plan-post-title.spec.ts" name="cleanPost &gt; cleans a leaked reddit header even when Post.title is already clean" time="0.000078208">
        </testcase>
        <testcase classname="scripts/cleanup-operation-plan-post-title.spec.ts" name="cleanPost &gt; returns null when a reddit row is already fully clean" time="0.000037291">
        </testcase>
        <testcase classname="scripts/cleanup-operation-plan-post-title.spec.ts" name="cleanPost &gt; fixes the title but never rewrites unparseable settings" time="0.00006425">
        </testcase>
        <testcase classname="scripts/cleanup-operation-plan-post-title.spec.ts" name="cleanPost &gt; returns null for a clean title with unparseable settings" time="0.000038167">
        </testcase>
        <testcase classname="scripts/cleanup-operation-plan-post-title.spec.ts" name="cleanPost &gt; handles a null title (only the reddit header needs cleaning)" time="0.00007175">
        </testcase>
        <testcase classname="scripts/cleanup-operation-plan-post-title.spec.ts" name="cleanPost &gt; returns null for a null title with clean settings" time="0.000102542">
        </testcase>
        <testcase classname="scripts/cleanup-operation-plan-post-title.spec.ts" name="cleanPost &gt; cleans multiple subreddit header entries and counts each changed one" time="0.0001385">
        </testcase>
        <testcase classname="scripts/cleanup-operation-plan-post-title.spec.ts" name="cleanPost &gt; treats null settings as empty and only touches the title" time="0.000041167">
        </testcase>
    </testsuite>
    <testsuite name="libraries/helpers/src/auth/auth.service.spec.ts" timestamp="2026-08-07T09:49:23.378Z" hostname="terceldeMac-mini.local" tests="6" failures="0" errors="0" skipped="0" time="0.200314792">
        <testcase classname="libraries/helpers/src/auth/auth.service.spec.ts" name="AuthService.verifyJWT &gt; HS256 only (no JWT_PUBLIC_KEY) &gt; verifies a valid HS256 token" time="0.002315667">
        </testcase>
        <testcase classname="libraries/helpers/src/auth/auth.service.spec.ts" name="AuthService.verifyJWT &gt; HS256 only (no JWT_PUBLIC_KEY) &gt; throws on tampered HS256 token" time="0.000566375">
        </testcase>
        <testcase classname="libraries/helpers/src/auth/auth.service.spec.ts" name="AuthService.verifyJWT &gt; RS256 primary + HS256 fallback (JWT_PUBLIC_KEY set) &gt; verifies a valid RS256 token" time="0.013674958">
        </testcase>
        <testcase classname="libraries/helpers/src/auth/auth.service.spec.ts" name="AuthService.verifyJWT &gt; RS256 primary + HS256 fallback (JWT_PUBLIC_KEY set) &gt; falls back to HS256 for tokens issued before RS256 migration" time="0.027473125">
        </testcase>
        <testcase classname="libraries/helpers/src/auth/auth.service.spec.ts" name="AuthService.verifyJWT &gt; RS256 primary + HS256 fallback (JWT_PUBLIC_KEY set) &gt; throws when RS256 token is signed with wrong private key" time="0.084388333">
        </testcase>
        <testcase classname="libraries/helpers/src/auth/auth.service.spec.ts" name="AuthService.verifyJWT &gt; RS256 primary + HS256 fallback (JWT_PUBLIC_KEY set) &gt; unescapes \n in JWT_PUBLIC_KEY correctly" time="0.071152584">
        </testcase>
    </testsuite>
    <testsuite name="libraries/nestjs-libraries/src/projects/project-validation.service.spec.ts" timestamp="2026-08-07T09:49:23.379Z" hostname="terceldeMac-mini.local" tests="18" failures="0" errors="0" skipped="0" time="0.005537292">
        <testcase classname="libraries/nestjs-libraries/src/projects/project-validation.service.spec.ts" name="ProjectValidationService.assertProjectAccess &gt; resolves when the project is owned by the organization" time="0.001503792">
        </testcase>
        <testcase classname="libraries/nestjs-libraries/src/projects/project-validation.service.spec.ts" name="ProjectValidationService.assertProjectAccess &gt; throws ProjectNotFoundException for a non-UUID projectId without calling aisee-core" time="0.001045625">
        </testcase>
        <testcase classname="libraries/nestjs-libraries/src/projects/project-validation.service.spec.ts" name="ProjectValidationService.assertProjectAccess &gt; throws ProjectNotFoundException when aisee-core has no such product" time="0.000152333">
        </testcase>
        <testcase classname="libraries/nestjs-libraries/src/projects/project-validation.service.spec.ts" name="ProjectValidationService.assertProjectAccess &gt; throws ProjectNotFoundException (not 403) when the project belongs to a different owner" time="0.000188458">
        </testcase>
        <testcase classname="libraries/nestjs-libraries/src/projects/project-validation.service.spec.ts" name="ProjectValidationService.assertProjectAccess &gt; fails closed with ProjectValidationUnavailableException when aisee-core is unreachable" time="0.000121125">
        </testcase>
        <testcase classname="libraries/nestjs-libraries/src/projects/project-validation.service.spec.ts" name="ProjectValidationService.assertProjectAccess &gt; caches a positive verdict without re-calling aisee-core" time="0.00009425">
        </testcase>
        <testcase classname="libraries/nestjs-libraries/src/projects/project-validation.service.spec.ts" name="ProjectValidationService.assertProjectAccess &gt; caches a negative verdict without re-calling aisee-core" time="0.000134708">
        </testcase>
        <testcase classname="libraries/nestjs-libraries/src/projects/project-validation.service.spec.ts" name="ProjectValidationService.assertProjectAccess &gt; does not cache an unavailable verdict, so the next call retries" time="0.000146542">
        </testcase>
        <testcase classname="libraries/nestjs-libraries/src/projects/project-validation.service.spec.ts" name="ProjectValidationService.assertProjectAccess &gt; never trusts a client-supplied organization mapping — organizationId always drives resolveOwnerUserId" time="0.000530208">
        </testcase>
        <testcase classname="libraries/nestjs-libraries/src/projects/project-validation.service.spec.ts" name="ProjectValidationService.assertProjectAccess &gt; allows a read on a deactivated project — only actions are blocked" time="0.00009075">
        </testcase>
        <testcase classname="libraries/nestjs-libraries/src/projects/project-validation.service.spec.ts" name="ProjectValidationService.assertProjectActive &gt; resolves when the project is owned and active" time="0.000097375">
        </testcase>
        <testcase classname="libraries/nestjs-libraries/src/projects/project-validation.service.spec.ts" name="ProjectValidationService.assertProjectActive &gt; throws ProjectInactiveException (403) when the project is deactivated" time="0.000121625">
        </testcase>
        <testcase classname="libraries/nestjs-libraries/src/projects/project-validation.service.spec.ts" name="ProjectValidationService.assertProjectActive &gt; still throws ProjectNotFoundException (404) for another org — inactivity never leaks existence" time="0.000090667">
        </testcase>
        <testcase classname="libraries/nestjs-libraries/src/projects/project-validation.service.spec.ts" name="ProjectValidationService.assertProjectActive &gt; reuses the ownership lookup — checking activation costs no extra call" time="0.000070583">
        </testcase>
        <testcase classname="libraries/nestjs-libraries/src/projects/project-validation.service.spec.ts" name="ProjectValidationService.isProjectActive &gt; returns true for an owned, active project" time="0.000168958">
        </testcase>
        <testcase classname="libraries/nestjs-libraries/src/projects/project-validation.service.spec.ts" name="ProjectValidationService.isProjectActive &gt; returns false for a deactivated project instead of throwing" time="0.000069375">
        </testcase>
        <testcase classname="libraries/nestjs-libraries/src/projects/project-validation.service.spec.ts" name="ProjectValidationService.isProjectActive &gt; re-checks a deactivated project sooner than the positive TTL, so reactivation lands promptly" time="0.000157042">
        </testcase>
        <testcase classname="libraries/nestjs-libraries/src/projects/project-validation.service.spec.ts" name="ProjectValidationService.isProjectActive &gt; returns false (fail closed) when aisee-core is unreachable" time="0.000093417">
        </testcase>
    </testsuite>
    <testsuite name="apps/orchestrator/src/activities/__tests__/engage-persist.spec.ts" timestamp="2026-08-07T09:49:23.380Z" hostname="terceldeMac-mini.local" tests="5" failures="0" errors="0" skipped="0" time="0.004413333">
        <testcase classname="apps/orchestrator/src/activities/__tests__/engage-persist.spec.ts" name="EngageScanActivity._persistOpportunities &gt; upserts global post by [platform, externalPostId] without per-org columns" time="0.002239541">
        </testcase>
        <testcase classname="apps/orchestrator/src/activities/__tests__/engage-persist.spec.ts" name="EngageScanActivity._persistOpportunities &gt; upserts per-org state with NEW on create and preserves user state on update" time="0.000690292">
        </testcase>
        <testcase classname="apps/orchestrator/src/activities/__tests__/engage-persist.spec.ts" name="EngageScanActivity._persistOpportunities &gt; preserves user state (no status/bookmarked reset) when the state row already exists" time="0.000318708">
        </testcase>
        <testcase classname="apps/orchestrator/src/activities/__tests__/engage-persist.spec.ts" name="EngageScanActivity._persistOpportunities &gt; keeps state.opportunityId aligned with its post across the chunk boundary" time="0.000468667">
        </testcase>
        <testcase classname="apps/orchestrator/src/activities/__tests__/engage-persist.spec.ts" name="EngageScanActivity._persistOpportunities &gt; is a no-op for an empty post list" time="0.000127083">
        </testcase>
    </testsuite>
    <testsuite name="apps/orchestrator/src/activities/__tests__/engage-scan-interval.spec.ts" timestamp="2026-08-07T09:49:23.380Z" hostname="terceldeMac-mini.local" tests="12" failures="0" errors="0" skipped="0" time="0.007343625">
        <testcase classname="apps/orchestrator/src/activities/__tests__/engage-scan-interval.spec.ts" name="EngageScanActivity per-keyword scan units (by scan interval) &gt; scans each keyword as its own unit at the MIN interval across owning orgs" time="0.002694791">
        </testcase>
        <testcase classname="apps/orchestrator/src/activities/__tests__/engage-scan-interval.spec.ts" name="EngageScanActivity per-keyword scan units (by scan interval) &gt; uses the default 24h interval for orgs missing from the interval map" time="0.000596">
        </testcase>
        <testcase classname="apps/orchestrator/src/activities/__tests__/engage-scan-interval.spec.ts" name="EngageScanActivity cursor claim with bucketed keyword key (shared lease) &gt; upserts the cursor under the composite __global__:&lt;hours&gt; key and claims it when due" time="0.001469625">
        </testcase>
        <testcase classname="apps/orchestrator/src/activities/__tests__/engage-scan-interval.spec.ts" name="EngageScanActivity cursor claim with bucketed keyword key (shared lease) &gt; skips a bucket scanned within its cadence (not due — no claim)" time="0.000165958">
        </testcase>
        <testcase classname="apps/orchestrator/src/activities/__tests__/engage-scan-interval.spec.ts" name="xScanEnabled (X kill switch) &gt; defaults to enabled when nothing is set" time="0.000144584">
        </testcase>
        <testcase classname="apps/orchestrator/src/activities/__tests__/engage-scan-interval.spec.ts" name="xScanEnabled (X kill switch) &gt; is disabled by the explicit ENGAGE_X_SCAN_ENABLED=false toggle" time="0.000049458">
        </testcase>
        <testcase classname="apps/orchestrator/src/activities/__tests__/engage-scan-interval.spec.ts" name="xScanEnabled (X kill switch) &gt; is disabled when ENGAGE_SUPPORTED_PLATFORMS excludes x (shared with extension)" time="0.000054">
        </testcase>
        <testcase classname="apps/orchestrator/src/activities/__tests__/engage-scan-interval.spec.ts" name="xScanEnabled (X kill switch) &gt; stays enabled when the allowlist includes x" time="0.000125375">
        </testcase>
        <testcase classname="apps/orchestrator/src/activities/__tests__/engage-scan-interval.spec.ts" name="xScanEnabled (X kill switch) &gt; honours a resolved allowlist argument over the env var" time="0.000085292">
        </testcase>
        <testcase classname="apps/orchestrator/src/activities/__tests__/engage-scan-interval.spec.ts" name="xScanEnabled (X kill switch) &gt; explicit ENGAGE_X_SCAN_ENABLED=false still wins over a resolved allowlist with x" time="0.000047666">
        </testcase>
        <testcase classname="apps/orchestrator/src/activities/__tests__/engage-scan-interval.spec.ts" name="EngageScanActivity per-account tracked units &gt; scans each tracked account as its own unit at the MIN interval (not OR-merged)" time="0.00042675">
        </testcase>
        <testcase classname="apps/orchestrator/src/activities/__tests__/engage-scan-interval.spec.ts" name="EngageScanActivity channel/tracked per-unit cadence &gt; scans each subreddit at the min interval of its monitoring orgs" time="0.0003965">
        </testcase>
    </testsuite>
    <testsuite name="apps/orchestrator/src/activities/__tests__/engage-scan-orchestration.spec.ts" timestamp="2026-08-07T09:49:23.381Z" hostname="terceldeMac-mini.local" tests="21" failures="0" errors="0" skipped="0" time="0.014473041">
        <testcase classname="apps/orchestrator/src/activities/__tests__/engage-scan-orchestration.spec.ts" name="EngageScanActivity._scanUnit (cursor lifecycle) &gt; claims IDLE→SCANNING, passes the stored cursor to the adapter, then completes" time="0.003419833">
        </testcase>
        <testcase classname="apps/orchestrator/src/activities/__tests__/engage-scan-orchestration.spec.ts" name="EngageScanActivity._scanUnit (cursor lifecycle) &gt; skips a cooling-down unit without calling the adapter" time="0.000413208">
        </testcase>
        <testcase classname="apps/orchestrator/src/activities/__tests__/engage-scan-orchestration.spec.ts" name="EngageScanActivity._scanUnit (cursor lifecycle) &gt; skips a unit already SCANNING (single-flight)" time="0.000175">
        </testcase>
        <testcase classname="apps/orchestrator/src/activities/__tests__/engage-scan-orchestration.spec.ts" name="EngageScanActivity._scanUnit (cursor lifecycle) &gt; returns empty when it loses the claim race (updateMany count 0)" time="0.000189166">
        </testcase>
        <testcase classname="apps/orchestrator/src/activities/__tests__/engage-scan-orchestration.spec.ts" name="EngageScanActivity._scanUnit (cursor lifecycle) &gt; cools down (does NOT advance cursor) when the adapter reports a rate limit" time="0.000841459">
        </testcase>
        <testcase classname="apps/orchestrator/src/activities/__tests__/engage-scan-orchestration.spec.ts" name="EngageScanActivity._scanUnit (cursor lifecycle) &gt; advances the cursor to newest on backlog (1-page pacing must progress, not re-fetch the same page)" time="0.000371">
        </testcase>
        <testcase classname="apps/orchestrator/src/activities/__tests__/engage-scan-orchestration.spec.ts" name="EngageScanActivity._scanUnit (cursor lifecycle) &gt; releases the SCANNING lock when the adapter throws" time="0.0003155">
        </testcase>
        <testcase classname="apps/orchestrator/src/activities/__tests__/engage-scan-orchestration.spec.ts" name="EngageScanActivity._scanUnit (cursor lifecycle) &gt; skips an X unit (releasing the lock) when the token pool is exhausted" time="0.000241875">
        </testcase>
        <testcase classname="apps/orchestrator/src/activities/__tests__/engage-scan-orchestration.spec.ts" name="EngageScanActivity._scanUnit (cursor lifecycle) &gt; skips a unit scanned within its cadence (not due)" time="0.000188375">
        </testcase>
        <testcase classname="apps/orchestrator/src/activities/__tests__/engage-scan-orchestration.spec.ts" name="EngageScanActivity._scanUnit (cursor lifecycle) &gt; force bypasses the cadence gate" time="0.000167209">
        </testcase>
        <testcase classname="apps/orchestrator/src/activities/__tests__/engage-scan-orchestration.spec.ts" name="EngageScanActivity._fanOutAndFinalize (per-org isolation) &gt; isolates a single org fan-out failure; still expires + finalizes every org" time="0.000686458">
        </testcase>
        <testcase classname="apps/orchestrator/src/activities/__tests__/engage-scan-orchestration.spec.ts" name="EngageScanActivity keyword initial scans &gt; lazily creates missing initial scan rows for enabled platforms" time="0.000363875">
        </testcase>
        <testcase classname="apps/orchestrator/src/activities/__tests__/engage-scan-orchestration.spec.ts" name="EngageScanActivity keyword initial scans &gt; loads initial scan config from Settings with env/default fallback" time="0.000399209">
        </testcase>
        <testcase classname="apps/orchestrator/src/activities/__tests__/engage-scan-orchestration.spec.ts" name="EngageScanActivity keyword initial scans &gt; fans an initial scan out to sibling project configs in the same organization" time="0.001595584">
        </testcase>
        <testcase classname="apps/orchestrator/src/activities/__tests__/engage-scan-orchestration.spec.ts" name="EngageScanActivity keyword initial scans &gt; keeps a rate-limited keyword initial scan retryable instead of marking it DONE" time="0.000635625">
        </testcase>
        <testcase classname="apps/orchestrator/src/activities/__tests__/engage-scan-orchestration.spec.ts" name="EngageScanActivity keyword initial scans &gt; keeps a budget-exhausted keyword initial scan retryable after fan-out" time="0.000374416">
        </testcase>
        <testcase classname="apps/orchestrator/src/activities/__tests__/engage-scan-orchestration.spec.ts" name="EngageScanActivity keyword initial scans &gt; runs X keyword initial scans with empty cursor and X-specific budget" time="0.000494333">
        </testcase>
        <testcase classname="apps/orchestrator/src/activities/__tests__/engage-scan-orchestration.spec.ts" name="EngageScanActivity keyword initial scans &gt; reclaims a stale RUNNING keyword initial scan lease" time="0.000368417">
        </testcase>
        <testcase classname="apps/orchestrator/src/activities/__tests__/engage-scan-orchestration.spec.ts" name="EngageScanActivity._fanOutToOrg (Reddit monitored subreddit +5 &amp; followers) &gt; keyword post in a monitored subreddit earns scoreTracked +5" time="0.001891375">
        </testcase>
        <testcase classname="apps/orchestrator/src/activities/__tests__/engage-scan-orchestration.spec.ts" name="EngageScanActivity._fanOutToOrg (Reddit monitored subreddit +5 &amp; followers) &gt; keyword post in a NON-monitored subreddit earns no bonus" time="0.0002715">
        </testcase>
        <testcase classname="apps/orchestrator/src/activities/__tests__/engage-scan-orchestration.spec.ts" name="EngageScanActivity._fanOutToOrg (Reddit monitored subreddit +5 &amp; followers) &gt; Reddit authority comes from channelFollowers (subreddit size), not a per-author fetch" time="0.000173167">
        </testcase>
    </testsuite>
    <testsuite name="apps/orchestrator/src/activities/__tests__/engage-scan.filterActiveProjects.spec.ts" timestamp="2026-08-07T09:49:23.382Z" hostname="terceldeMac-mini.local" tests="5" failures="0" errors="0" skipped="0" time="0.0031195">
        <testcase classname="apps/orchestrator/src/activities/__tests__/engage-scan.filterActiveProjects.spec.ts" name="EngageScanActivity._filterActiveProjects &gt; passes a null-projectId (legacy) context through without calling aisee-core" time="0.001428125">
        </testcase>
        <testcase classname="apps/orchestrator/src/activities/__tests__/engage-scan.filterActiveProjects.spec.ts" name="EngageScanActivity._filterActiveProjects &gt; drops a context whose project is deactivated" time="0.000841375">
        </testcase>
        <testcase classname="apps/orchestrator/src/activities/__tests__/engage-scan.filterActiveProjects.spec.ts" name="EngageScanActivity._filterActiveProjects &gt; keeps a context whose project is active" time="0.000092958">
        </testcase>
        <testcase classname="apps/orchestrator/src/activities/__tests__/engage-scan.filterActiveProjects.spec.ts" name="EngageScanActivity._filterActiveProjects &gt; handles a mix of legacy (null), active, and deactivated contexts in one call" time="0.000146916">
        </testcase>
        <testcase classname="apps/orchestrator/src/activities/__tests__/engage-scan.filterActiveProjects.spec.ts" name="EngageScanActivity._filterActiveProjects &gt; passes every context through unfiltered when ProjectValidationService is not wired" time="0.000046625">
        </testcase>
    </testsuite>
    <testsuite name="apps/orchestrator/src/activities/__tests__/ensure-fresh-token.spec.ts" timestamp="2026-08-07T09:49:23.382Z" hostname="terceldeMac-mini.local" tests="11" failures="0" errors="0" skipped="0" time="0.004560583">
        <testcase classname="apps/orchestrator/src/activities/__tests__/ensure-fresh-token.spec.ts" name="PostActivity.ensureFreshToken &gt; returns null when integration is missing in DB" time="0.001315958">
        </testcase>
        <testcase classname="apps/orchestrator/src/activities/__tests__/ensure-fresh-token.spec.ts" name="PostActivity.ensureFreshToken &gt; returns null when integration is deleted/disabled/refreshNeeded" time="0.00028225">
        </testcase>
        <testcase classname="apps/orchestrator/src/activities/__tests__/ensure-fresh-token.spec.ts" name="PostActivity.ensureFreshToken &gt; returns null when integration has no tokenExpiration (OAuth 1.0a permanent)" time="0.000132459">
        </testcase>
        <testcase classname="apps/orchestrator/src/activities/__tests__/ensure-fresh-token.spec.ts" name="PostActivity.ensureFreshToken &gt; returns null when inBetweenSteps is true (another refresh in flight — defer)" time="0.000130625">
        </testcase>
        <testcase classname="apps/orchestrator/src/activities/__tests__/ensure-fresh-token.spec.ts" name="PostActivity.ensureFreshToken &gt; returns null when provider declares the token permanent" time="0.000141083">
        </testcase>
        <testcase classname="apps/orchestrator/src/activities/__tests__/ensure-fresh-token.spec.ts" name="PostActivity.ensureFreshToken &gt; SKIPS refresh for refreshCron=true providers (Layer 1 owns this — prevents the race)" time="0.00053575">
        </testcase>
        <testcase classname="apps/orchestrator/src/activities/__tests__/ensure-fresh-token.spec.ts" name="PostActivity.ensureFreshToken &gt; returns fresh DB row unchanged when token is comfortably fresh (msToExpiry &gt; buffer)" time="0.000411792">
        </testcase>
        <testcase classname="apps/orchestrator/src/activities/__tests__/ensure-fresh-token.spec.ts" name="PostActivity.ensureFreshToken &gt; refreshes when token expires within the buffer window; re-reads DB; logs success" time="0.000272667">
        </testcase>
        <testcase classname="apps/orchestrator/src/activities/__tests__/ensure-fresh-token.spec.ts" name="PostActivity.ensureFreshToken &gt; does NOT setBetweenSteps on transient errors (lets reactive 401 path handle)" time="0.000269708">
        </testcase>
        <testcase classname="apps/orchestrator/src/activities/__tests__/ensure-fresh-token.spec.ts" name="PostActivity.ensureFreshToken &gt; does NOT setBetweenSteps on UNKNOWN errors either — pre-flight is best-effort, must not disable healthy accounts" time="0.000228125">
        </testcase>
        <testcase classname="apps/orchestrator/src/activities/__tests__/ensure-fresh-token.spec.ts" name="PostActivity.ensureFreshToken &gt; returns false (without crashing) when refresh returns falsy/no accessToken" time="0.00016625">
        </testcase>
    </testsuite>
    <testsuite name="apps/extension/src/utils/__tests__/probe-session-account.spec.ts" timestamp="2026-08-07T09:49:23.382Z" hostname="terceldeMac-mini.local" tests="37" failures="0" errors="0" skipped="0" time="0.014446416">
        <testcase classname="apps/extension/src/utils/__tests__/probe-session-account.spec.ts" name="probeSessionAccount — hackernews &gt; reads the username straight out of the `user` cookie" time="0.00285625">
        </testcase>
        <testcase classname="apps/extension/src/utils/__tests__/probe-session-account.spec.ts" name="probeSessionAccount — hackernews &gt; reports logged out when the cookie is absent" time="0.000153166">
        </testcase>
        <testcase classname="apps/extension/src/utils/__tests__/probe-session-account.spec.ts" name="probeSessionAccount — hackernews &gt; yields no id when the cookie is not in the expected format" time="0.00010625">
        </testcase>
        <testcase classname="apps/extension/src/utils/__tests__/probe-session-account.spec.ts" name="probeSessionAccount — x &gt; decodes the numeric id from the url-encoded twid cookie" time="0.000144541">
        </testcase>
        <testcase classname="apps/extension/src/utils/__tests__/probe-session-account.spec.ts" name="probeSessionAccount — x &gt; is logged out without auth_token, even if twid lingers" time="0.000058458">
        </testcase>
        <testcase classname="apps/extension/src/utils/__tests__/probe-session-account.spec.ts" name="probeSessionAccount — medium &gt; takes the @handle out of the /me redirect" time="0.000180458">
        </testcase>
        <testcase classname="apps/extension/src/utils/__tests__/probe-session-account.spec.ts" name="probeSessionAccount — linkedin &gt; reads the opaque entityUrn id, never the numeric plainId" time="0.000268958">
        </testcase>
        <testcase classname="apps/extension/src/utils/__tests__/probe-session-account.spec.ts" name="probeSessionAccount — linkedin &gt; returns no id at all when entityUrn is missing" time="0.000114833">
        </testcase>
        <testcase classname="apps/extension/src/utils/__tests__/probe-session-account.spec.ts" name="probeSessionAccount — quora &gt; reports signed-in from cookies WITHOUT touching the network" time="0.000145167">
        </testcase>
        <testcase classname="apps/extension/src/utils/__tests__/probe-session-account.spec.ts" name="probeSessionAccount — quora &gt; stays offline on the publish path too, where network defaults on" time="0.000082">
        </testcase>
        <testcase classname="apps/extension/src/utils/__tests__/probe-session-account.spec.ts" name="probeSessionAccount — quora &gt; is logged out when the browser has never visited quora" time="0.000110584">
        </testcase>
        <testcase classname="apps/extension/src/utils/__tests__/probe-session-account.spec.ts" name="probeSessionAccount — quora &gt; treats a lone device cookie as signed in" time="0.000053667">
        </testcase>
        <testcase classname="apps/extension/src/utils/__tests__/probe-session-account.spec.ts" name="probeSessionAccount — unknown platform &gt; reports unsupported" time="0.000043958">
        </testcase>
        <testcase classname="apps/extension/src/utils/__tests__/probe-session-account.spec.ts" name="identity cache &gt; keeps every platform it resolved concurrently" time="0.000142667">
        </testcase>
        <testcase classname="apps/extension/src/utils/__tests__/probe-session-account.spec.ts" name="identity cache &gt; re-probes soon after a failed lookup instead of caching the miss for the full TTL" time="0.000314458">
        </testcase>
        <testcase classname="apps/extension/src/utils/__tests__/probe-session-account.spec.ts" name="identity cache &gt; drops a cached identity the moment the session cookie changes" time="0.000112667">
        </testcase>
        <testcase classname="apps/extension/src/utils/__tests__/probe-session-account.spec.ts" name="getSocialSessions &gt; carries comparable ids for the extension-published platforms" time="0.000836583">
            <system-out>
[aisee][sessions] dev.to cookie names []

            </system-out>
        </testcase>
        <testcase classname="apps/extension/src/utils/__tests__/probe-session-account.spec.ts" name="getSocialSessions &gt; never touches the private LinkedIn API for a snapshot" time="0.000109292">
        </testcase>
        <testcase classname="apps/extension/src/utils/__tests__/probe-session-account.spec.ts" name="getSocialSessions &gt; still resolves the LinkedIn id on the publish path" time="0.000076792">
        </testcase>
        <testcase classname="apps/extension/src/utils/__tests__/probe-session-account.spec.ts" name="getSocialSessions &gt; leaves loggedIn UNSET when a platform cannot be probed" time="0.005103333">
            <system-err>
[aisee][sessions] medium identity read failed Error: network down
    at [90m/Users/tercel/WorkSpace/aisee/postiz-app/[39mapps/extension/src/utils/__tests__/probe-session-account.spec.ts:414:13
    at readMediumHandle [90m(/Users/tercel/WorkSpace/aisee/postiz-app/[39mapps/extension/src/utils/social-sessions.ts:676:23[90m)[39m
    at cachedValue [90m(/Users/tercel/WorkSpace/aisee/postiz-app/[39mapps/extension/src/utils/social-sessions.ts:653:23[90m)[39m
[90m    at processTicksAndRejections (node:internal/process/task_queues:105:5)[39m
    at probeSessionAccount [90m(/Users/tercel/WorkSpace/aisee/postiz-app/[39mapps/extension/src/utils/social-sessions.ts:836:22[90m)[39m
    at platformSession [90m(/Users/tercel/WorkSpace/aisee/postiz-app/[39mapps/extension/src/utils/social-sessions.ts:1126:19[90m)[39m
    at async Promise.all (index 5)
    at Module.getSocialSessions [90m(/Users/tercel/WorkSpace/aisee/postiz-app/[39mapps/extension/src/utils/social-sessions.ts:1230:5[90m)[39m
    at [90m/Users/tercel/WorkSpace/aisee/postiz-app/[39mapps/extension/src/utils/__tests__/probe-session-account.spec.ts:418:22
    at [90mfile:///Users/tercel/WorkSpace/aisee/postiz-app/[39mnode_modules/[4m@vitest/runner[24m/dist/index.js:596:20

            </system-err>
        </testcase>
        <testcase classname="apps/extension/src/utils/__tests__/probe-session-account.spec.ts" name="getSocialSessions &gt; covers every platform the popup counts" time="0.000393542">
        </testcase>
        <testcase classname="apps/extension/src/utils/__tests__/probe-session-account.spec.ts" name="getSocialSessions &gt; reuses a cached dev.to account without opening a tab" time="0.000170375">
        </testcase>
        <testcase classname="apps/extension/src/utils/__tests__/probe-session-account.spec.ts" name="getSocialSessions &gt; drops a cached dev.to account once the session cookie changes" time="0.000098125">
        </testcase>
        <testcase classname="apps/extension/src/utils/__tests__/probe-session-account.spec.ts" name="getPlatformLoginSnapshot &gt; counts every platform the extension publishes with a browser session" time="0.000079167">
        </testcase>
        <testcase classname="apps/extension/src/utils/__tests__/probe-session-account.spec.ts" name="getPlatformLoginSnapshot &gt; reports every platform, signed in or out, in a fixed order" time="0.000229208">
        </testcase>
        <testcase classname="apps/extension/src/utils/__tests__/probe-session-account.spec.ts" name="getPlatformLoginSnapshot &gt; costs nothing but cookies while collapsed" time="0.000132833">
        </testcase>
        <testcase classname="apps/extension/src/utils/__tests__/probe-session-account.spec.ts" name="getPlatformLoginSnapshot &gt; names the accounts it safely can once expanded" time="0.000214375">
        </testcase>
        <testcase classname="apps/extension/src/utils/__tests__/probe-session-account.spec.ts" name="getPlatformLoginSnapshot &gt; recognises the dev.to session by shape, not by a guessed name" time="0.000114417">
        </testcase>
        <testcase classname="apps/extension/src/utils/__tests__/probe-session-account.spec.ts" name="getPlatformLoginSnapshot &gt; does not mistake dev.to analytics cookies for a session" time="0.000080917">
        </testcase>
        <testcase classname="apps/extension/src/utils/__tests__/probe-session-account.spec.ts" name="getPlatformLoginSnapshot &gt; never opens a dev.to tab for the collapsed counter" time="0.000065709">
        </testcase>
        <testcase classname="apps/extension/src/utils/__tests__/probe-session-account.spec.ts" name="getPlatformLoginSnapshot &gt; resolves the LinkedIn handle on expand, then reuses the cache" time="0.0005935">
        </testcase>
        <testcase classname="apps/extension/src/utils/__tests__/probe-session-account.spec.ts" name="getPlatformLoginSnapshot &gt; still keeps LinkedIn off the private API for the collapsed counter" time="0.000079625">
        </testcase>
        <testcase classname="apps/extension/src/utils/__tests__/probe-session-account.spec.ts" name="getPlatformLoginSnapshot &gt; NEVER reports the Quora m-uid as the account id" time="0.000085292">
        </testcase>
        <testcase classname="apps/extension/src/utils/__tests__/probe-session-account.spec.ts" name="getPlatformLoginSnapshot &gt; reports the cached Quora slug, keyed on the uid, without a request" time="0.000098125">
        </testcase>
        <testcase classname="apps/extension/src/utils/__tests__/probe-session-account.spec.ts" name="getPlatformLoginSnapshot &gt; ignores a cached Quora uid when no slug was resolved" time="0.000083584">
        </testcase>
        <testcase classname="apps/extension/src/utils/__tests__/probe-session-account.spec.ts" name="getPlatformLoginSnapshot &gt; drops a cached Quora slug once the uid changes" time="0.000071583">
        </testcase>
        <testcase classname="apps/extension/src/utils/__tests__/probe-session-account.spec.ts" name="getPlatformLoginSnapshot &gt; never opens a Quora tab for the collapsed counter" time="0.000071417">
        </testcase>
    </testsuite>
    <testsuite name="apps/extension/src/utils/__tests__/reddit-media.spec.ts" timestamp="2026-08-07T09:49:23.384Z" hostname="terceldeMac-mini.local" tests="6" failures="0" errors="0" skipped="0" time="0.002622334">
        <testcase classname="apps/extension/src/utils/__tests__/reddit-media.spec.ts" name="parseRedditMediaLease &gt; extracts upload url, fields and asset id from a lease response" time="0.001579792">
        </testcase>
        <testcase classname="apps/extension/src/utils/__tests__/reddit-media.spec.ts" name="parseRedditMediaLease &gt; keeps absolute action URLs and rejects malformed leases" time="0.000187875">
        </testcase>
        <testcase classname="apps/extension/src/utils/__tests__/reddit-media.spec.ts" name="mediaFilename &gt; uses the URL basename when it has an extension" time="0.000116458">
        </testcase>
        <testcase classname="apps/extension/src/utils/__tests__/reddit-media.spec.ts" name="mediaFilename &gt; derives an extension from the mimetype otherwise" time="0.000057958">
        </testcase>
        <testcase classname="apps/extension/src/utils/__tests__/reddit-media.spec.ts" name="buildSelftextWithImages &gt; appends inline image markdown after the text" time="0.000060209">
        </testcase>
        <testcase classname="apps/extension/src/utils/__tests__/reddit-media.spec.ts" name="buildSelftextWithImages &gt; supports image-only and text-only bodies" time="0.000048583">
        </testcase>
    </testsuite>
    <testsuite name="apps/extension/src/utils/__tests__/reddit-submit.spec.ts" timestamp="2026-08-07T09:49:23.384Z" hostname="terceldeMac-mini.local" tests="9" failures="0" errors="0" skipped="0" time="0.002641875">
        <testcase classname="apps/extension/src/utils/__tests__/reddit-submit.spec.ts" name="parseRedditSubmitResponse &gt; extracts url and fullname from an api_type=json submit response" time="0.000901875">
        </testcase>
        <testcase classname="apps/extension/src/utils/__tests__/reddit-submit.spec.ts" name="parseRedditSubmitResponse &gt; returns empty fields on missing or malformed responses" time="0.0001215">
        </testcase>
        <testcase classname="apps/extension/src/utils/__tests__/reddit-submit.spec.ts" name="isRedditCaptchaError &gt; detects a BAD_CAPTCHA error tuple from /api/submit" time="0.000140125">
        </testcase>
        <testcase classname="apps/extension/src/utils/__tests__/reddit-submit.spec.ts" name="isRedditCaptchaError &gt; is false for unrelated submit errors" time="0.000078833">
        </testcase>
        <testcase classname="apps/extension/src/utils/__tests__/reddit-submit.spec.ts" name="isRedditPostRuleError &gt; detects the real r/machinelearning flair + title-tag rejection" time="0.000086959">
        </testcase>
        <testcase classname="apps/extension/src/utils/__tests__/reddit-submit.spec.ts" name="isRedditPostRuleError &gt; detects a flair-only rejection" time="0.000060833">
        </testcase>
        <testcase classname="apps/extension/src/utils/__tests__/reddit-submit.spec.ts" name="isRedditPostRuleError &gt; detects a title-tag-only rejection" time="0.000034458">
        </testcase>
        <testcase classname="apps/extension/src/utils/__tests__/reddit-submit.spec.ts" name="isRedditPostRuleError &gt; is false for unrelated submit errors" time="0.000054916">
        </testcase>
        <testcase classname="apps/extension/src/utils/__tests__/reddit-submit.spec.ts" name="isRedditPostRuleError &gt; does not swallow a captcha error (that has its own branch)" time="0.000038959">
        </testcase>
    </testsuite>
    <testsuite name="apps/extension/src/utils/__tests__/reddit.poster.spec.ts" timestamp="2026-08-07T09:49:23.385Z" hostname="terceldeMac-mini.local" tests="10" failures="0" errors="0" skipped="0" time="0.004189583">
        <testcase classname="apps/extension/src/utils/__tests__/reddit.poster.spec.ts" name="resolveRedditThingId &gt; resolves a post URL to a t3_ fullname" time="0.001031167">
        </testcase>
        <testcase classname="apps/extension/src/utils/__tests__/reddit.poster.spec.ts" name="resolveRedditThingId &gt; resolves a comment URL to a t1_ fullname" time="0.000107958">
        </testcase>
        <testcase classname="apps/extension/src/utils/__tests__/reddit.poster.spec.ts" name="resolveRedditThingId &gt; handles old.reddit.com and missing trailing slash" time="0.000050375">
        </testcase>
        <testcase classname="apps/extension/src/utils/__tests__/reddit.poster.spec.ts" name="resolveRedditThingId &gt; returns null for a non-comment Reddit URL" time="0.000052083">
        </testcase>
        <testcase classname="apps/extension/src/utils/__tests__/reddit.poster.spec.ts" name="resolveRedditThingId &gt; returns null for an unparseable string" time="0.000044833">
        </testcase>
        <testcase classname="apps/extension/src/utils/__tests__/reddit.poster.spec.ts" name="parseRedditCommentThing &gt; reads structured JSON shape (permalink + name)" time="0.00052925">
        </testcase>
        <testcase classname="apps/extension/src/utils/__tests__/reddit.poster.spec.ts" name="parseRedditCommentThing &gt; reads HTML-render shape (data-permalink in content, id as fullname)" time="0.000104917">
        </testcase>
        <testcase classname="apps/extension/src/utils/__tests__/reddit.poster.spec.ts" name="parseRedditCommentThing &gt; returns empty object for a null thing" time="0.000048333">
        </testcase>
        <testcase classname="apps/extension/src/utils/__tests__/reddit.poster.spec.ts" name="parseRedditAuthorFromThing &gt; extracts author handle + fullname from the comment HTML" time="0.000107042">
        </testcase>
        <testcase classname="apps/extension/src/utils/__tests__/reddit.poster.spec.ts" name="parseRedditAuthorFromThing &gt; returns undefined when no author is present" time="0.000080375">
        </testcase>
    </testsuite>
    <testsuite name="apps/extension/src/utils/__tests__/social-sessions.spec.ts" timestamp="2026-08-07T09:49:23.385Z" hostname="terceldeMac-mini.local" tests="3" failures="0" errors="0" skipped="0" time="0.001647791">
        <testcase classname="apps/extension/src/utils/__tests__/social-sessions.spec.ts" name="decodeRedditIdFromJwt &gt; finds the t2_* account id regardless of which payload key holds it" time="0.00089925">
        </testcase>
        <testcase classname="apps/extension/src/utils/__tests__/social-sessions.spec.ts" name="decodeRedditIdFromJwt &gt; returns undefined when no t2_* value exists in the payload" time="0.000085542">
        </testcase>
        <testcase classname="apps/extension/src/utils/__tests__/social-sessions.spec.ts" name="decodeRedditIdFromJwt &gt; returns undefined on malformed or empty tokens" time="0.000114417">
        </testcase>
    </testsuite>
    <testsuite name="libraries/helpers/src/proxy/__tests__/setup-dispatcher.spec.ts" timestamp="2026-08-07T09:49:23.386Z" hostname="terceldeMac-mini.local" tests="3" failures="0" errors="0" skipped="0" time="0.002343417">
        <testcase classname="libraries/helpers/src/proxy/__tests__/setup-dispatcher.spec.ts" name="OriginRoutingDispatcher &gt; routes *.reddit.com to the reddit dispatcher" time="0.001203875">
        </testcase>
        <testcase classname="libraries/helpers/src/proxy/__tests__/setup-dispatcher.spec.ts" name="OriginRoutingDispatcher &gt; routes every other origin to the fallback dispatcher" time="0.000389833">
        </testcase>
        <testcase classname="libraries/helpers/src/proxy/__tests__/setup-dispatcher.spec.ts" name="OriginRoutingDispatcher &gt; returns the underlying dispatch result" time="0.000160209">
        </testcase>
    </testsuite>
    <testsuite name="libraries/helpers/src/utils/__tests__/date.utils.spec.ts" timestamp="2026-08-07T09:49:23.386Z" hostname="terceldeMac-mini.local" tests="10" failures="0" errors="0" skipped="0" time="0.012832666">
        <testcase classname="libraries/helpers/src/utils/__tests__/date.utils.spec.ts" name="parseDate / parseDateToUTC &gt; Case 1: +08:00 offset + tz header" time="0.010562459">
        </testcase>
        <testcase classname="libraries/helpers/src/utils/__tests__/date.utils.spec.ts" name="parseDate / parseDateToUTC &gt; Case 2: +08:00 offset, no tz" time="0.0001075">
        </testcase>
        <testcase classname="libraries/helpers/src/utils/__tests__/date.utils.spec.ts" name="parseDate / parseDateToUTC &gt; Case 2: Z offset, no tz" time="0.000063875">
        </testcase>
        <testcase classname="libraries/helpers/src/utils/__tests__/date.utils.spec.ts" name="parseDate / parseDateToUTC &gt; Case 3: no offset + tz header" time="0.000400583">
        </testcase>
        <testcase classname="libraries/helpers/src/utils/__tests__/date.utils.spec.ts" name="parseDate / parseDateToUTC &gt; Case 3: no offset + tz, late-day time does not jump day" time="0.000407667">
        </testcase>
        <testcase classname="libraries/helpers/src/utils/__tests__/date.utils.spec.ts" name="parseDate / parseDateToUTC &gt; Case 4: no offset, no tz → treated as UTC" time="0.000049">
        </testcase>
        <testcase classname="libraries/helpers/src/utils/__tests__/date.utils.spec.ts" name="parseDate / parseDateToUTC &gt; startOf(day) with offset + tz snaps to local day start" time="0.000167708">
        </testcase>
        <testcase classname="libraries/helpers/src/utils/__tests__/date.utils.spec.ts" name="parseDate / parseDateToUTC &gt; endOf(day) with offset + tz snaps to local day end" time="0.000143792">
        </testcase>
        <testcase classname="libraries/helpers/src/utils/__tests__/date.utils.spec.ts" name="parseDate / parseDateToUTC &gt; negative offset: -05:00 (New York EST)" time="0.00008025">
        </testcase>
        <testcase classname="libraries/helpers/src/utils/__tests__/date.utils.spec.ts" name="parseDate / parseDateToUTC &gt; Cases 1-3 all resolve to the same UTC instant" time="0.00019175">
        </testcase>
    </testsuite>
    <testsuite name="libraries/nestjs-libraries/src/chat/__tests__/billing.middleware.spec.ts" timestamp="2026-08-07T09:49:23.386Z" hostname="terceldeMac-mini.local" tests="9" failures="0" errors="0" skipped="0" time="0.008193917">
        <testcase classname="libraries/nestjs-libraries/src/chat/__tests__/billing.middleware.spec.ts" name="withBillingTracking &gt; doGenerate — collects usage within ALS context" time="0.002509875">
        </testcase>
        <testcase classname="libraries/nestjs-libraries/src/chat/__tests__/billing.middleware.spec.ts" name="withBillingTracking &gt; doStream — collects usage from finish chunk despite TransformStream ALS loss" time="0.002875875">
        </testcase>
        <testcase classname="libraries/nestjs-libraries/src/chat/__tests__/billing.middleware.spec.ts" name="withBillingTracking &gt; doStream — chunks are passed through unmodified" time="0.000723208">
        </testcase>
        <testcase classname="libraries/nestjs-libraries/src/chat/__tests__/billing.middleware.spec.ts" name="withBillingTracking &gt; doStream without usage in finish chunk — no usage collected" time="0.000284208">
        </testcase>
        <testcase classname="libraries/nestjs-libraries/src/chat/__tests__/billing.middleware.spec.ts" name="withBillingTracking &gt; doStream with null stream — returns result as-is" time="0.000104084">
        </testcase>
        <testcase classname="libraries/nestjs-libraries/src/chat/__tests__/billing.middleware.spec.ts" name="withBillingTracking &gt; multiple doGenerate calls — accumulates usages" time="0.000146875">
        </testcase>
        <testcase classname="libraries/nestjs-libraries/src/chat/__tests__/billing.middleware.spec.ts" name="withBillingTracking &gt; mixed doGenerate + doStream — all usages collected" time="0.000331542">
        </testcase>
        <testcase classname="libraries/nestjs-libraries/src/chat/__tests__/billing.middleware.spec.ts" name="withBillingTracking &gt; openai provider detection — non-openrouter" time="0.000101458">
        </testcase>
        <testcase classname="libraries/nestjs-libraries/src/chat/__tests__/billing.middleware.spec.ts" name="withBillingTracking &gt; other properties are proxied through" time="0.000113792">
        </testcase>
    </testsuite>
    <testsuite name="libraries/nestjs-libraries/src/dtos/integrations/posting-times.utils.spec.ts" timestamp="2026-08-07T09:49:23.387Z" hostname="terceldeMac-mini.local" tests="40" failures="0" errors="0" skipped="0" time="0.004970208">
        <testcase classname="libraries/nestjs-libraries/src/dtos/integrations/posting-times.utils.spec.ts" name="normalizePostingTimes &gt; should convert legacy format to V2" time="0.000973208">
        </testcase>
        <testcase classname="libraries/nestjs-libraries/src/dtos/integrations/posting-times.utils.spec.ts" name="normalizePostingTimes &gt; should pass through V2 format unchanged" time="0.000102208">
        </testcase>
        <testcase classname="libraries/nestjs-libraries/src/dtos/integrations/posting-times.utils.spec.ts" name="normalizePostingTimes &gt; should return empty schedules for null input" time="0.000049959">
        </testcase>
        <testcase classname="libraries/nestjs-libraries/src/dtos/integrations/posting-times.utils.spec.ts" name="normalizePostingTimes &gt; should return empty schedules for undefined input" time="0.000041292">
        </testcase>
        <testcase classname="libraries/nestjs-libraries/src/dtos/integrations/posting-times.utils.spec.ts" name="normalizePostingTimes &gt; should return empty schedules for empty string" time="0.000038834">
        </testcase>
        <testcase classname="libraries/nestjs-libraries/src/dtos/integrations/posting-times.utils.spec.ts" name="normalizePostingTimes &gt; should return empty schedules for malformed JSON" time="0.000050541">
        </testcase>
        <testcase classname="libraries/nestjs-libraries/src/dtos/integrations/posting-times.utils.spec.ts" name="normalizePostingTimes &gt; should return empty schedules for non-object/non-array JSON" time="0.000039375">
        </testcase>
        <testcase classname="libraries/nestjs-libraries/src/dtos/integrations/posting-times.utils.spec.ts" name="normalizePostingTimes &gt; should return empty schedules for empty legacy array" time="0.000039458">
        </testcase>
        <testcase classname="libraries/nestjs-libraries/src/dtos/integrations/posting-times.utils.spec.ts" name="normalizePostingTimes &gt; should reject legacy array with non-numeric time" time="0.000040792">
        </testcase>
        <testcase classname="libraries/nestjs-libraries/src/dtos/integrations/posting-times.utils.spec.ts" name="resolveTimeSlotsForDate &gt; Monday 2026-03-02: matches daily + weekday + dayOfWeek(1) + specificDate" time="0.00112">
        </testcase>
        <testcase classname="libraries/nestjs-libraries/src/dtos/integrations/posting-times.utils.spec.ts" name="resolveTimeSlotsForDate &gt; Tuesday 2026-03-03: matches daily + weekday only" time="0.0001185">
        </testcase>
        <testcase classname="libraries/nestjs-libraries/src/dtos/integrations/posting-times.utils.spec.ts" name="resolveTimeSlotsForDate &gt; Saturday 2026-03-07: matches daily only" time="0.000055667">
        </testcase>
        <testcase classname="libraries/nestjs-libraries/src/dtos/integrations/posting-times.utils.spec.ts" name="resolveTimeSlotsForDate &gt; Sunday 2026-03-08: matches daily + dayOfWeek(0)" time="0.000109584">
        </testcase>
        <testcase classname="libraries/nestjs-libraries/src/dtos/integrations/posting-times.utils.spec.ts" name="resolveTimeSlotsForDate &gt; deduplicates same time from multiple rules" time="0.000058375">
        </testcase>
        <testcase classname="libraries/nestjs-libraries/src/dtos/integrations/posting-times.utils.spec.ts" name="resolveTimeSlotsForDate &gt; returns empty for no matching rules" time="0.000048333">
        </testcase>
        <testcase classname="libraries/nestjs-libraries/src/dtos/integrations/posting-times.utils.spec.ts" name="resolveTimeSlotsForDate &gt; returns sorted results" time="0.000048334">
        </testcase>
        <testcase classname="libraries/nestjs-libraries/src/dtos/integrations/posting-times.utils.spec.ts" name="serializePostingTimes &gt; should produce valid JSON" time="0.000059833">
        </testcase>
        <testcase classname="libraries/nestjs-libraries/src/dtos/integrations/posting-times.utils.spec.ts" name="validateScheduleRules &gt; should accept valid daily rule" time="0.00007975">
        </testcase>
        <testcase classname="libraries/nestjs-libraries/src/dtos/integrations/posting-times.utils.spec.ts" name="validateScheduleRules &gt; should accept valid weekday rule" time="0.0000335">
        </testcase>
        <testcase classname="libraries/nestjs-libraries/src/dtos/integrations/posting-times.utils.spec.ts" name="validateScheduleRules &gt; should accept valid dayOfWeek rule" time="0.000031958">
        </testcase>
        <testcase classname="libraries/nestjs-libraries/src/dtos/integrations/posting-times.utils.spec.ts" name="validateScheduleRules &gt; should accept valid specificDate rule" time="0.00036125">
        </testcase>
        <testcase classname="libraries/nestjs-libraries/src/dtos/integrations/posting-times.utils.spec.ts" name="validateScheduleRules &gt; should accept all rule types together" time="0.00008025">
        </testcase>
        <testcase classname="libraries/nestjs-libraries/src/dtos/integrations/posting-times.utils.spec.ts" name="validateScheduleRules &gt; should reject time = 1440 (out of range)" time="0.000054208">
        </testcase>
        <testcase classname="libraries/nestjs-libraries/src/dtos/integrations/posting-times.utils.spec.ts" name="validateScheduleRules &gt; should reject negative time" time="0.000034875">
        </testcase>
        <testcase classname="libraries/nestjs-libraries/src/dtos/integrations/posting-times.utils.spec.ts" name="validateScheduleRules &gt; should reject NaN time" time="0.000036459">
        </testcase>
        <testcase classname="libraries/nestjs-libraries/src/dtos/integrations/posting-times.utils.spec.ts" name="validateScheduleRules &gt; should reject Infinity time" time="0.00003125">
        </testcase>
        <testcase classname="libraries/nestjs-libraries/src/dtos/integrations/posting-times.utils.spec.ts" name="validateScheduleRules &gt; should reject fractional time" time="0.000029">
        </testcase>
        <testcase classname="libraries/nestjs-libraries/src/dtos/integrations/posting-times.utils.spec.ts" name="validateScheduleRules &gt; should reject invalid type" time="0.000029292">
        </testcase>
        <testcase classname="libraries/nestjs-libraries/src/dtos/integrations/posting-times.utils.spec.ts" name="validateScheduleRules &gt; should reject dayOfWeek with day = 7" time="0.000032875">
        </testcase>
        <testcase classname="libraries/nestjs-libraries/src/dtos/integrations/posting-times.utils.spec.ts" name="validateScheduleRules &gt; should reject dayOfWeek with day = -1" time="0.000028916">
        </testcase>
        <testcase classname="libraries/nestjs-libraries/src/dtos/integrations/posting-times.utils.spec.ts" name="validateScheduleRules &gt; should reject dayOfWeek with fractional day" time="0.0000355">
        </testcase>
        <testcase classname="libraries/nestjs-libraries/src/dtos/integrations/posting-times.utils.spec.ts" name="validateScheduleRules &gt; should reject dayOfWeek with NaN day" time="0.000030708">
        </testcase>
        <testcase classname="libraries/nestjs-libraries/src/dtos/integrations/posting-times.utils.spec.ts" name="validateScheduleRules &gt; should reject specificDate with invalid format" time="0.000031334">
        </testcase>
        <testcase classname="libraries/nestjs-libraries/src/dtos/integrations/posting-times.utils.spec.ts" name="validateScheduleRules &gt; should reject specificDate with impossible calendar date" time="0.000047208">
        </testcase>
        <testcase classname="libraries/nestjs-libraries/src/dtos/integrations/posting-times.utils.spec.ts" name="validateScheduleRules &gt; should reject specificDate with Feb 30" time="0.000045333">
        </testcase>
        <testcase classname="libraries/nestjs-libraries/src/dtos/integrations/posting-times.utils.spec.ts" name="validateScheduleRules &gt; should accept leap day on leap year" time="0.00004075">
        </testcase>
        <testcase classname="libraries/nestjs-libraries/src/dtos/integrations/posting-times.utils.spec.ts" name="validateScheduleRules &gt; should reject leap day on non-leap year" time="0.000039583">
        </testcase>
        <testcase classname="libraries/nestjs-libraries/src/dtos/integrations/posting-times.utils.spec.ts" name="validateScheduleRules &gt; should accept empty array" time="0.000028583">
        </testcase>
        <testcase classname="libraries/nestjs-libraries/src/dtos/integrations/posting-times.utils.spec.ts" name="validateScheduleRules &gt; should accept boundary values: time=0, time=1439" time="0.000030375">
        </testcase>
        <testcase classname="libraries/nestjs-libraries/src/dtos/integrations/posting-times.utils.spec.ts" name="validateScheduleRules &gt; should accept boundary day values: 0 and 6" time="0.000030833">
        </testcase>
    </testsuite>
    <testsuite name="libraries/nestjs-libraries/src/integrations/__tests__/extension-publish-routing.spec.ts" timestamp="2026-08-07T09:49:23.389Z" hostname="terceldeMac-mini.local" tests="5" failures="0" errors="0" skipped="0" time="0.167840708">
        <testcase classname="libraries/nestjs-libraries/src/integrations/__tests__/extension-publish-routing.spec.ts" name="isExtensionPublishProvider &gt; is true for intrinsic extension-published providers (no usable server API)" time="0.000750334">
        </testcase>
        <testcase classname="libraries/nestjs-libraries/src/integrations/__tests__/extension-publish-routing.spec.ts" name="isExtensionPublishProvider &gt; is false for API-capable providers by default" time="0.000083291">
        </testcase>
        <testcase classname="libraries/nestjs-libraries/src/integrations/__tests__/extension-publish-routing.spec.ts" name="isExtensionPublishProvider &gt; is case-insensitive and safe on empty/unknown input" time="0.000057">
        </testcase>
        <testcase classname="libraries/nestjs-libraries/src/integrations/__tests__/extension-publish-routing.spec.ts" name="extensionPublishProviderIds &gt; lists the intrinsic extension-published providers" time="0.000597542">
        </testcase>
        <testcase classname="libraries/nestjs-libraries/src/integrations/__tests__/extension-publish-routing.spec.ts" name="EXTENSION_PUBLISH_PLATFORMS env override (sync guard) &gt; routes a publishable dual-capable platform but ignores an unpublishable one" time="0.165763709">
        </testcase>
    </testsuite>
    <testsuite name="libraries/nestjs-libraries/src/integrations/__tests__/refresh.integration.service.spec.ts" timestamp="2026-08-07T09:49:23.389Z" hostname="terceldeMac-mini.local" tests="20" failures="0" errors="0" skipped="0" time="0.005693541">
        <testcase classname="libraries/nestjs-libraries/src/integrations/__tests__/refresh.integration.service.spec.ts" name="isTransientRefreshError &gt; classifies 5xx HTTP status as transient" time="0.000944167">
        </testcase>
        <testcase classname="libraries/nestjs-libraries/src/integrations/__tests__/refresh.integration.service.spec.ts" name="isTransientRefreshError &gt; classifies 429 / 408 / 425 as transient" time="0.000083959">
        </testcase>
        <testcase classname="libraries/nestjs-libraries/src/integrations/__tests__/refresh.integration.service.spec.ts" name="isTransientRefreshError &gt; classifies other 4xx as permanent" time="0.00007125">
        </testcase>
        <testcase classname="libraries/nestjs-libraries/src/integrations/__tests__/refresh.integration.service.spec.ts" name="isTransientRefreshError &gt; classifies node network error codes as transient" time="0.000078208">
        </testcase>
        <testcase classname="libraries/nestjs-libraries/src/integrations/__tests__/refresh.integration.service.spec.ts" name="isTransientRefreshError &gt; classifies OAuth permanent error codes as permanent (overrides HTTP 5xx)" time="0.0000775">
        </testcase>
        <testcase classname="libraries/nestjs-libraries/src/integrations/__tests__/refresh.integration.service.spec.ts" name="isTransientRefreshError &gt; classifies OAuth rate-limit error codes as transient" time="0.00010275">
        </testcase>
        <testcase classname="libraries/nestjs-libraries/src/integrations/__tests__/refresh.integration.service.spec.ts" name="isTransientRefreshError &gt; classifies AbortError / TimeoutError by name as transient" time="0.000047542">
        </testcase>
        <testcase classname="libraries/nestjs-libraries/src/integrations/__tests__/refresh.integration.service.spec.ts" name="isTransientRefreshError &gt; defaults to permanent for unknown error shapes (conservative)" time="0.000087458">
        </testcase>
        <testcase classname="libraries/nestjs-libraries/src/integrations/__tests__/refresh.integration.service.spec.ts" name="isTransientRefreshError &gt; does not confuse HTTP status (number) with error code (string)" time="0.000041041">
        </testcase>
        <testcase classname="libraries/nestjs-libraries/src/integrations/__tests__/refresh.integration.service.spec.ts" name="RefreshIntegrationService.refresh &gt; throws TransientRefreshError on a transient platform error (5xx) — DOES NOT mark refreshNeeded" time="0.001121209">
        </testcase>
        <testcase classname="libraries/nestjs-libraries/src/integrations/__tests__/refresh.integration.service.spec.ts" name="RefreshIntegrationService.refresh &gt; throws TransientRefreshError on network error (ECONNRESET) — DOES NOT mark refreshNeeded" time="0.000181917">
        </testcase>
        <testcase classname="libraries/nestjs-libraries/src/integrations/__tests__/refresh.integration.service.spec.ts" name="RefreshIntegrationService.refresh &gt; throws TransientRefreshError on 429 rate limit — DOES NOT mark refreshNeeded" time="0.000131375">
        </testcase>
        <testcase classname="libraries/nestjs-libraries/src/integrations/__tests__/refresh.integration.service.spec.ts" name="RefreshIntegrationService.refresh &gt; marks refreshNeeded + disconnects when the REFRESH endpoint itself returns 401 (refresh_token expired)" time="0.000161417">
        </testcase>
        <testcase classname="libraries/nestjs-libraries/src/integrations/__tests__/refresh.integration.service.spec.ts" name="RefreshIntegrationService.refresh &gt; marks refreshNeeded + disconnects on invalid_grant (permanent revoke)" time="0.000145875">
        </testcase>
        <testcase classname="libraries/nestjs-libraries/src/integrations/__tests__/refresh.integration.service.spec.ts" name="RefreshIntegrationService.refresh &gt; does NOT flag refreshNeeded on invalid_grant when a concurrent refresh already rotated the token (benign race)" time="0.000454542">
            <system-err>
[refreshProcess] concurrent-refresh race for integration=int-1 provider=x: another refresh already rotated the token (tokenExpiration advanced) — skipping refreshNeeded/disconnect.

            </system-err>
        </testcase>
        <testcase classname="libraries/nestjs-libraries/src/integrations/__tests__/refresh.integration.service.spec.ts" name="RefreshIntegrationService.refresh &gt; STILL flags refreshNeeded on invalid_grant when the re-read shows no concurrent winner (real revoke)" time="0.000152458">
        </testcase>
        <testcase classname="libraries/nestjs-libraries/src/integrations/__tests__/refresh.integration.service.spec.ts" name="RefreshIntegrationService.refresh &gt; marks refreshNeeded + disconnects when provider returns falsy (no token)" time="0.000122542">
        </testcase>
        <testcase classname="libraries/nestjs-libraries/src/integrations/__tests__/refresh.integration.service.spec.ts" name="RefreshIntegrationService.refresh &gt; marks refreshNeeded on generic non-classifiable thrown error (conservative)" time="0.000127125">
        </testcase>
        <testcase classname="libraries/nestjs-libraries/src/integrations/__tests__/refresh.integration.service.spec.ts" name="RefreshIntegrationService.refresh &gt; returns false without side effects when token is permanent (OAuth 1.0a)" time="0.000259291">
        </testcase>
        <testcase classname="libraries/nestjs-libraries/src/integrations/__tests__/refresh.integration.service.spec.ts" name="RefreshIntegrationService.refresh &gt; persists the new token on successful refresh" time="0.000637125">
        </testcase>
    </testsuite>
    <testsuite name="libraries/nestjs-libraries/src/integrations/__tests__/resolve-publish-method.spec.ts" timestamp="2026-08-07T09:49:23.390Z" hostname="terceldeMac-mini.local" tests="14" failures="0" errors="0" skipped="0" time="0.002632291">
        <testcase classname="libraries/nestjs-libraries/src/integrations/__tests__/resolve-publish-method.spec.ts" name="isExtensionOnlyProvider &gt; is true only for platforms with no usable backend write API" time="0.00066325">
        </testcase>
        <testcase classname="libraries/nestjs-libraries/src/integrations/__tests__/resolve-publish-method.spec.ts" name="isExtensionOnlyProvider &gt; is false for dual-capable and API-only platforms" time="0.0000875">
        </testcase>
        <testcase classname="libraries/nestjs-libraries/src/integrations/__tests__/resolve-publish-method.spec.ts" name="resolvePublishMethod — auto (no user choice) &gt; extension-only platform -&gt; extension even without a bound account" time="0.000107">
        </testcase>
        <testcase classname="libraries/nestjs-libraries/src/integrations/__tests__/resolve-publish-method.spec.ts" name="resolvePublishMethod — auto (no user choice) &gt; dual-capable platform with a bound account -&gt; defaults to extension" time="0.000035666">
        </testcase>
        <testcase classname="libraries/nestjs-libraries/src/integrations/__tests__/resolve-publish-method.spec.ts" name="resolvePublishMethod — auto (no user choice) &gt; dual-capable platform without a bound account -&gt; extension" time="0.000032458">
        </testcase>
        <testcase classname="libraries/nestjs-libraries/src/integrations/__tests__/resolve-publish-method.spec.ts" name="resolvePublishMethod — auto (no user choice) &gt; API-only platform with a bound account -&gt; api" time="0.000031667">
        </testcase>
        <testcase classname="libraries/nestjs-libraries/src/integrations/__tests__/resolve-publish-method.spec.ts" name="resolvePublishMethod — auto (no user choice) &gt; API-only platform without a bound account -&gt; ACCOUNT_BINDING_REQUIRED" time="0.000144167">
        </testcase>
        <testcase classname="libraries/nestjs-libraries/src/integrations/__tests__/resolve-publish-method.spec.ts" name="resolvePublishMethod — explicit choice = api &gt; honours api when a dual-capable platform has a bound account" time="0.000037834">
        </testcase>
        <testcase classname="libraries/nestjs-libraries/src/integrations/__tests__/resolve-publish-method.spec.ts" name="resolvePublishMethod — explicit choice = api &gt; rejects api on a dual-capable platform with no bound account" time="0.0000925">
        </testcase>
        <testcase classname="libraries/nestjs-libraries/src/integrations/__tests__/resolve-publish-method.spec.ts" name="resolvePublishMethod — explicit choice = api &gt; rejects api on an extension-only platform even when an account is bound" time="0.000039958">
        </testcase>
        <testcase classname="libraries/nestjs-libraries/src/integrations/__tests__/resolve-publish-method.spec.ts" name="getSocialProviderList — static send-path flags &gt; carries extensionPublishable + hasWriteApi per provider" time="0.000520584">
        </testcase>
        <testcase classname="libraries/nestjs-libraries/src/integrations/__tests__/resolve-publish-method.spec.ts" name="getSocialProviderList — static send-path flags &gt; keeps identifier + name (backward compatible)" time="0.000098958">
        </testcase>
        <testcase classname="libraries/nestjs-libraries/src/integrations/__tests__/resolve-publish-method.spec.ts" name="resolvePublishMethod — explicit choice = extension &gt; honours extension on an extension-publishable platform" time="0.000037542">
        </testcase>
        <testcase classname="libraries/nestjs-libraries/src/integrations/__tests__/resolve-publish-method.spec.ts" name="resolvePublishMethod — explicit choice = extension &gt; rejects extension on an API-only platform" time="0.000050583">
        </testcase>
    </testsuite>
    <testsuite name="libraries/nestjs-libraries/src/engage/__tests__/dispatch-reply-metrics-sync.spec.ts" timestamp="2026-08-07T09:49:23.391Z" hostname="terceldeMac-mini.local" tests="3" failures="0" errors="0" skipped="0" time="0.002358208">
        <testcase classname="libraries/nestjs-libraries/src/engage/__tests__/dispatch-reply-metrics-sync.spec.ts" name="dispatchReplyMetricsSync — guard/skip contract &gt; returns &apos;skipped&apos; and touches no deps when releaseURL is null" time="0.00117625">
        </testcase>
        <testcase classname="libraries/nestjs-libraries/src/engage/__tests__/dispatch-reply-metrics-sync.spec.ts" name="dispatchReplyMetricsSync — guard/skip contract &gt; returns &apos;skipped&apos; when the post relation is null" time="0.000131458">
        </testcase>
        <testcase classname="libraries/nestjs-libraries/src/engage/__tests__/dispatch-reply-metrics-sync.spec.ts" name="dispatchReplyMetricsSync — guard/skip contract &gt; returns &apos;skipped&apos; for an unrecognised platform (not reddit/x)" time="0.000293708">
        </testcase>
    </testsuite>
    <testsuite name="libraries/nestjs-libraries/src/engage/__tests__/engage-author.spec.ts" timestamp="2026-08-07T09:49:23.391Z" hostname="terceldeMac-mini.local" tests="1" failures="0" errors="0" skipped="0" time="0.003820834">
        <testcase classname="libraries/nestjs-libraries/src/engage/__tests__/engage-author.spec.ts" name="fetchRedditAuthorProfile &gt; falls back to public JSON when Reddit OAuth rejects the author lookup" time="0.002870625">
        </testcase>
    </testsuite>
    <testsuite name="libraries/nestjs-libraries/src/engage/__tests__/engage-batch-reply.spec.ts" timestamp="2026-08-07T09:49:23.391Z" hostname="terceldeMac-mini.local" tests="6" failures="0" errors="0" skipped="0" time="0.012499708">
        <testcase classname="libraries/nestjs-libraries/src/engage/__tests__/engage-batch-reply.spec.ts" name="EngageService batch reply — per-post tracking &gt; batchSendReply records one tracking row per item (3 items → 3 rows)" time="0.003570292">
        </testcase>
        <testcase classname="libraries/nestjs-libraries/src/engage/__tests__/engage-batch-reply.spec.ts" name="EngageService batch reply — per-post tracking &gt; batchScheduleReply records one tracking row per scheduled item" time="0.000422792">
        </testcase>
        <testcase classname="libraries/nestjs-libraries/src/engage/__tests__/engage-batch-reply.spec.ts" name="EngageService batch reply — per-post tracking &gt; isolates a single record failure — the rest are still tracked and returned" time="0.005689416">
        </testcase>
        <testcase classname="libraries/nestjs-libraries/src/engage/__tests__/engage-batch-reply.spec.ts" name="EngageService reply settings — per-platform &gt; sendReply builds X-shaped settings for an X opportunity" time="0.001042541">
        </testcase>
        <testcase classname="libraries/nestjs-libraries/src/engage/__tests__/engage-batch-reply.spec.ts" name="EngageService reply settings — per-platform &gt; sendReply builds Reddit-shaped settings for a Reddit opportunity (not the X shape)" time="0.000183208">
        </testcase>
        <testcase classname="libraries/nestjs-libraries/src/engage/__tests__/engage-batch-reply.spec.ts" name="EngageService reply settings — per-platform &gt; sendReply rejects an unsupported platform before creating a doomed Post" time="0.001014667">
        </testcase>
    </testsuite>
    <testsuite name="libraries/nestjs-libraries/src/engage/__tests__/engage-config-operation-plan.spec.ts" timestamp="2026-08-07T09:49:23.392Z" hostname="terceldeMac-mini.local" tests="8" failures="0" errors="0" skipped="0" time="0.005270875">
        <testcase classname="libraries/nestjs-libraries/src/engage/__tests__/engage-config-operation-plan.spec.ts" name="EngageService.getConfig — operationPlan block &gt; returns the allowlist verbatim (only platform gate the create endpoint applies)" time="0.001533375">
        </testcase>
        <testcase classname="libraries/nestjs-libraries/src/engage/__tests__/engage-config-operation-plan.spec.ts" name="EngageService.getConfig — operationPlan block &gt; does NOT intersect the allowlist with connected platforms (unconnected platforms are still plannable)" time="0.000382125">
        </testcase>
        <testcase classname="libraries/nestjs-libraries/src/engage/__tests__/engage-config-operation-plan.spec.ts" name="EngageService.getConfig — operationPlan block &gt; returns an empty list when no allowlist is configured (picker cannot render &quot;unrestricted&quot;)" time="0.0001265">
        </testcase>
        <testcase classname="libraries/nestjs-libraries/src/engage/__tests__/engage-config-operation-plan.spec.ts" name="EngageService.getConfig — operationPlan block &gt; drops blank/non-string allowlist entries" time="0.000399666">
        </testcase>
        <testcase classname="libraries/nestjs-libraries/src/engage/__tests__/engage-config-operation-plan.spec.ts" name="EngageService.getConfig — operationPlan block &gt; never exposes platform_cadence (generator-only editorial strategy)" time="0.001342958">
        </testcase>
        <testcase classname="libraries/nestjs-libraries/src/engage/__tests__/engage-config-operation-plan.spec.ts" name="EngageService.getConfig — operationPlan block &gt; falls back to the backend default duration when the setting is unset" time="0.000196">
        </testcase>
        <testcase classname="libraries/nestjs-libraries/src/engage/__tests__/engage-config-operation-plan.spec.ts" name="EngageService.getConfig — operationPlan block &gt; degrades to defaults instead of failing the whole page when a Settings read throws" time="0.0006185">
        </testcase>
        <testcase classname="libraries/nestjs-libraries/src/engage/__tests__/engage-config-operation-plan.spec.ts" name="EngageService.getConfig — operationPlan block &gt; no-ops safely when SettingsService is not wired (unit-test construction)" time="0.000148834">
        </testcase>
    </testsuite>
    <testsuite name="libraries/nestjs-libraries/src/engage/__tests__/engage-config-project-counts.spec.ts" timestamp="2026-08-07T09:49:23.392Z" hostname="terceldeMac-mini.local" tests="5" failures="0" errors="0" skipped="0" time="0.007524541">
        <testcase classname="libraries/nestjs-libraries/src/engage/__tests__/engage-config-project-counts.spec.ts" name="EngageService.getConfig — entitlement.counts project block &gt; reports org and project scope side by side for a project-scoped request" time="0.005971959">
        </testcase>
        <testcase classname="libraries/nestjs-libraries/src/engage/__tests__/engage-config-project-counts.spec.ts" name="EngageService.getConfig — entitlement.counts project block &gt; surfaces the per-project caps in entitlement.limits" time="0.000458042">
        </testcase>
        <testcase classname="libraries/nestjs-libraries/src/engage/__tests__/engage-config-project-counts.spec.ts" name="EngageService.getConfig — entitlement.counts project block &gt; nulls the project block when no projectId is given (org-wide aggregate)" time="0.000185917">
        </testcase>
        <testcase classname="libraries/nestjs-libraries/src/engage/__tests__/engage-config-project-counts.spec.ts" name="EngageService.getConfig — entitlement.counts project block &gt; reports the per-platform priority-accounts rollup with project scope" time="0.000139125">
        </testcase>
        <testcase classname="libraries/nestjs-libraries/src/engage/__tests__/engage-config-project-counts.spec.ts" name="EngageService.getConfig — entitlement.counts project block &gt; nulls the per-platform project blocks without a projectId" time="0.000110666">
        </testcase>
    </testsuite>
    <testsuite name="libraries/nestjs-libraries/src/engage/__tests__/engage-confirm-reply-url.spec.ts" timestamp="2026-08-07T09:49:23.393Z" hostname="terceldeMac-mini.local" tests="5" failures="0" errors="0" skipped="0" time="0.00523525">
        <testcase classname="libraries/nestjs-libraries/src/engage/__tests__/engage-confirm-reply-url.spec.ts" name="EngageService.confirmManualReply — URL verification gating &gt; records the reply WITHOUT a URL — no verification, claim kept" time="0.001730584">
        </testcase>
        <testcase classname="libraries/nestjs-libraries/src/engage/__tests__/engage-confirm-reply-url.spec.ts" name="EngageService.confirmManualReply — URL verification gating &gt; with a URL: creates the post WITHOUT engageAuthor, then enriches in the background" time="0.001332042">
        </testcase>
        <testcase classname="libraries/nestjs-libraries/src/engage/__tests__/engage-confirm-reply-url.spec.ts" name="EngageService.confirmManualReply — URL verification gating &gt; does NOT enrich when the author cannot be resolved (stays handle-less, no throw)" time="0.000374666">
        </testcase>
        <testcase classname="libraries/nestjs-libraries/src/engage/__tests__/engage-confirm-reply-url.spec.ts" name="EngageService.confirmManualReply — URL verification gating &gt; rejects a malformed X URL and releases the claim (no record created)" time="0.000839125">
        </testcase>
        <testcase classname="libraries/nestjs-libraries/src/engage/__tests__/engage-confirm-reply-url.spec.ts" name="EngageService.confirmManualReply — URL verification gating &gt; rejects a malformed Reddit URL and releases the claim" time="0.000240125">
        </testcase>
    </testsuite>
    <testsuite name="libraries/nestjs-libraries/src/engage/__tests__/engage-draft.service.real-ai.spec.ts" timestamp="2026-08-07T09:49:23.393Z" hostname="terceldeMac-mini.local" tests="2" failures="0" errors="0" skipped="2" time="0">
        <testcase classname="libraries/nestjs-libraries/src/engage/__tests__/engage-draft.service.real-ai.spec.ts" name="EngageDraftService real AI &gt; generates a real X draft and keeps output within the weighted limit" time="0">
            <skipped/>
        </testcase>
        <testcase classname="libraries/nestjs-libraries/src/engage/__tests__/engage-draft.service.real-ai.spec.ts" name="EngageDraftService real AI &gt; generates a real Reddit draft and keeps output within 1000 characters" time="0">
            <skipped/>
        </testcase>
    </testsuite>
    <testsuite name="libraries/nestjs-libraries/src/engage/__tests__/engage-draft.service.spec.ts" timestamp="2026-08-07T09:49:23.393Z" hostname="terceldeMac-mini.local" tests="24" failures="0" errors="0" skipped="0" time="0.027044208">
        <testcase classname="libraries/nestjs-libraries/src/engage/__tests__/engage-draft.service.spec.ts" name="EngageDraftService &gt; should be defined" time="0.004412459">
        </testcase>
        <testcase classname="libraries/nestjs-libraries/src/engage/__tests__/engage-draft.service.spec.ts" name="EngageDraftService &gt; Prompt Building &gt; should include platform-specific character limits in system prompt" time="0.00065125">
        </testcase>
        <testcase classname="libraries/nestjs-libraries/src/engage/__tests__/engage-draft.service.spec.ts" name="EngageDraftService &gt; Prompt Building &gt; should restate the platform character limit as an IMPORTANT final instruction" time="0.000477209">
        </testcase>
        <testcase classname="libraries/nestjs-libraries/src/engage/__tests__/engage-draft.service.spec.ts" name="EngageDraftService &gt; Prompt Building &gt; should include strategy instructions in system prompt" time="0.000467958">
        </testcase>
        <testcase classname="libraries/nestjs-libraries/src/engage/__tests__/engage-draft.service.spec.ts" name="EngageDraftService &gt; Prompt Building &gt; should prioritize relevance, grounding, and the original post language" time="0.000482208">
        </testcase>
        <testcase classname="libraries/nestjs-libraries/src/engage/__tests__/engage-draft.service.spec.ts" name="EngageDraftService &gt; Prompt Building &gt; should include brand strength instructions in system prompt" time="0.000402333">
        </testcase>
[...]
        <testcase classname="libraries/nestjs-libraries/src/database/prisma/posts/__tests__/posts.service.createPost.spec.ts" name="PostsService.createPost — overage billing integration &gt; calls deductIfOverage for &quot;now&quot; type posts" time="0.000731667">
        </testcase>
        <testcase classname="libraries/nestjs-libraries/src/database/prisma/posts/__tests__/posts.service.createPost.spec.ts" name="PostsService.createPost — overage billing integration &gt; calls deductIfOverage for &quot;draft&quot; type posts" time="0.000247">
        </testcase>
        <testcase classname="libraries/nestjs-libraries/src/database/prisma/posts/__tests__/posts.service.createPost.spec.ts" name="PostsService.mapTypeToPost — accountless posts &gt; accepts a post with no integration and keeps its settings.__type" time="0.002816917">
        </testcase>
        <testcase classname="libraries/nestjs-libraries/src/database/prisma/posts/__tests__/posts.service.createPost.spec.ts" name="PostsService.mapTypeToPost — accountless posts &gt; rejects a post that has neither an integration nor a platform marker" time="0.000432125">
        </testcase>
        <testcase classname="libraries/nestjs-libraries/src/database/prisma/posts/__tests__/posts.service.createPost.spec.ts" name="PostsService.mapTypeToPost — accountless posts &gt; still overwrites __type from the bound account when there is one" time="0.000709542">
        </testcase>
    </testsuite>
    <testsuite name="libraries/nestjs-libraries/src/database/prisma/posts/__tests__/posts.service.dueMetrics.spec.ts" timestamp="2026-08-07T09:49:23.468Z" hostname="terceldeMac-mini.local" tests="9" failures="0" errors="0" skipped="0" time="0.012504708">
        <testcase classname="libraries/nestjs-libraries/src/database/prisma/posts/__tests__/posts.service.dueMetrics.spec.ts" name="PostsService.getDueMetricsPosts &gt; short-circuits to [] without hitting the repo when ids are empty" time="0.006879583">
        </testcase>
        <testcase classname="libraries/nestjs-libraries/src/database/prisma/posts/__tests__/posts.service.dueMetrics.spec.ts" name="PostsService.getDueMetricsPosts &gt; translates window days / interval hours into concrete past cutoffs" time="0.001522959">
        </testcase>
        <testcase classname="libraries/nestjs-libraries/src/database/prisma/posts/__tests__/posts.service.dueMetrics.spec.ts" name="PostsService.markMetricsFetched &gt; no-ops on empty ids" time="0.000287916">
        </testcase>
        <testcase classname="libraries/nestjs-libraries/src/database/prisma/posts/__tests__/posts.service.dueMetrics.spec.ts" name="PostsService.markMetricsFetched &gt; stamps the given posts with a now timestamp" time="0.000275333">
        </testcase>
        <testcase classname="libraries/nestjs-libraries/src/database/prisma/posts/__tests__/posts.service.dueMetrics.spec.ts" name="PostsService.ingestMetrics &gt; no-ops on empty items" time="0.000276292">
        </testcase>
        <testcase classname="libraries/nestjs-libraries/src/database/prisma/posts/__tests__/posts.service.dueMetrics.spec.ts" name="PostsService.ingestMetrics &gt; resolves the platform server-side and writes weighted X metrics" time="0.001434792">
        </testcase>
        <testcase classname="libraries/nestjs-libraries/src/database/prisma/posts/__tests__/posts.service.dueMetrics.spec.ts" name="PostsService.ingestMetrics &gt; skips posts the org does not own (platform unresolved) — no stamp, no write" time="0.000263084">
        </testcase>
        <testcase classname="libraries/nestjs-libraries/src/database/prisma/posts/__tests__/posts.service.dueMetrics.spec.ts" name="PostsService.ingestMetrics &gt; stamps an owned post with zero metrics but writes no analytics update" time="0.000224208">
        </testcase>
        <testcase classname="libraries/nestjs-libraries/src/database/prisma/posts/__tests__/posts.service.dueMetrics.spec.ts" name="PostsService.ingestMetrics &gt; echoes the persisted value when a zero read declines to overwrite it" time="0.00029325">
        </testcase>
    </testsuite>
    <testsuite name="libraries/nestjs-libraries/src/database/prisma/posts/__tests__/posts.service.getDuePublishPosts.spec.ts" timestamp="2026-08-07T09:49:23.468Z" hostname="terceldeMac-mini.local" tests="11" failures="0" errors="0" skipped="0" time="0.021675542">
        <testcase classname="libraries/nestjs-libraries/src/database/prisma/posts/__tests__/posts.service.getDuePublishPosts.spec.ts" name="PostsService.getDuePublishPosts &gt; resolves the post image field into absolute URLs on segment 0" time="0.010000666">
        </testcase>
        <testcase classname="libraries/nestjs-libraries/src/database/prisma/posts/__tests__/posts.service.getDuePublishPosts.spec.ts" name="PostsService.getDuePublishPosts &gt; omits images when the post has none" time="0.000472125">
        </testcase>
        <testcase classname="libraries/nestjs-libraries/src/database/prisma/posts/__tests__/posts.service.getDuePublishPosts.spec.ts" name="PostsService.getDuePublishPosts &gt; publishes text-only when the stored image field is malformed" time="0.000246375">
        </testcase>
        <testcase classname="libraries/nestjs-libraries/src/database/prisma/posts/__tests__/posts.service.getDuePublishPosts.spec.ts" name="PostsService.getDuePublishPosts &gt; stamps the platform-resolved segmentGapSeconds on each due item" time="0.000310666">
        </testcase>
        <testcase classname="libraries/nestjs-libraries/src/database/prisma/posts/__tests__/posts.service.getDuePublishPosts.spec.ts" name="PostsService.getDuePublishPosts &gt; resolves subreddit from the real RedditSettingsDto array shape (not the raw array)" time="0.000220833">
        </testcase>
        <testcase classname="libraries/nestjs-libraries/src/database/prisma/posts/__tests__/posts.service.getDuePublishPosts.spec.ts" name="PostsService.getDuePublishPosts &gt; falls back to the reddit settings title when Post.title is null" time="0.000222417">
        </testcase>
        <testcase classname="libraries/nestjs-libraries/src/database/prisma/posts/__tests__/posts.service.getDuePublishPosts.spec.ts" name="PostsService.getDuePublishPosts &gt; prefers Post.title over the reddit settings title when both exist" time="0.000210333">
        </testcase>
        <testcase classname="libraries/nestjs-libraries/src/database/prisma/posts/__tests__/posts.service.getDuePublishPosts.spec.ts" name="PostsService.getDuePublishPosts &gt; still reads a top-level settings title for non-reddit platforms" time="0.000215458">
        </testcase>
        <testcase classname="libraries/nestjs-libraries/src/database/prisma/posts/__tests__/posts.service.getDuePublishPosts.spec.ts" name="PostsService.getDuePublishPosts &gt; forwards the reddit flair LABEL from settings so the extension can pre-select it" time="0.000277">
        </testcase>
        <testcase classname="libraries/nestjs-libraries/src/database/prisma/posts/__tests__/posts.service.getDuePublishPosts.spec.ts" name="PostsService.getDuePublishPosts &gt; omits flairLabel entirely when the plan proposed none" time="0.000419583">
        </testcase>
        <testcase classname="libraries/nestjs-libraries/src/database/prisma/posts/__tests__/posts.service.getDuePublishPosts.spec.ts" name="PostsService.getDuePublishPosts &gt; omits segmentGapSeconds when the platform has no configured range" time="0.000274417">
        </testcase>
    </testsuite>
    <testsuite name="libraries/nestjs-libraries/src/database/prisma/posts/__tests__/posts.service.markPublishFailed.spec.ts" timestamp="2026-08-07T09:49:23.469Z" hostname="terceldeMac-mini.local" tests="4" failures="0" errors="0" skipped="0" time="0.006288667">
        <testcase classname="libraries/nestjs-libraries/src/database/prisma/posts/__tests__/posts.service.markPublishFailed.spec.ts" name="PostsService.markPublishFailedFromExtension &gt; flips a QUEUE post to ERROR with the reported reason" time="0.004912958">
        </testcase>
        <testcase classname="libraries/nestjs-libraries/src/database/prisma/posts/__tests__/posts.service.markPublishFailed.spec.ts" name="PostsService.markPublishFailedFromExtension &gt; never touches a post that already reached PUBLISHED" time="0.00043175">
        </testcase>
        <testcase classname="libraries/nestjs-libraries/src/database/prisma/posts/__tests__/posts.service.markPublishFailed.spec.ts" name="PostsService.markPublishFailedFromExtension &gt; rejects an unknown or foreign-org post" time="0.000186875">
        </testcase>
        <testcase classname="libraries/nestjs-libraries/src/database/prisma/posts/__tests__/posts.service.markPublishFailed.spec.ts" name="PostsService.markPublishFailedFromExtension &gt; refuses to touch a recurring original (clone-per-cycle owns its state)" time="0.000179875">
        </testcase>
    </testsuite>
    <testsuite name="libraries/nestjs-libraries/src/database/prisma/posts/__tests__/posts.service.projectId.spec.ts" timestamp="2026-08-07T09:49:23.469Z" hostname="terceldeMac-mini.local" tests="3" failures="0" errors="0" skipped="0" time="0.007541209">
        <testcase classname="libraries/nestjs-libraries/src/database/prisma/posts/__tests__/posts.service.projectId.spec.ts" name="PostsService projectId threading &gt; createPost forwards body.projectId to PostsRepository.createOrUpdatePost" time="0.006081292">
        </testcase>
        <testcase classname="libraries/nestjs-libraries/src/database/prisma/posts/__tests__/posts.service.projectId.spec.ts" name="PostsService projectId threading &gt; createPost forwards undefined projectId for a legacy, non-project post" time="0.000544125">
        </testcase>
        <testcase classname="libraries/nestjs-libraries/src/database/prisma/posts/__tests__/posts.service.projectId.spec.ts" name="PostsService projectId threading &gt; getPost forwards projectId down to PostsRepository.getPost" time="0.000369917">
        </testcase>
    </testsuite>
    <testsuite name="libraries/nestjs-libraries/src/database/prisma/posts/__tests__/posts.service.schedule.spec.ts" timestamp="2026-08-07T09:49:23.469Z" hostname="terceldeMac-mini.local" tests="18" failures="0" errors="0" skipped="0" time="0.009580959">
        <testcase classname="libraries/nestjs-libraries/src/database/prisma/posts/__tests__/posts.service.schedule.spec.ts" name="PostsService.getPublishMethods &gt; returns an entry for every registered platform (no request filter)" time="0.003923708">
        </testcase>
        <testcase classname="libraries/nestjs-libraries/src/database/prisma/posts/__tests__/posts.service.schedule.spec.ts" name="PostsService.getPublishMethods &gt; dual-capable platform with a bound account: both methods, defaults to extension" time="0.000392166">
        </testcase>
        <testcase classname="libraries/nestjs-libraries/src/database/prisma/posts/__tests__/posts.service.schedule.spec.ts" name="PostsService.getPublishMethods &gt; extension-only platform: extension only, even with a bound account" time="0.000250542">
        </testcase>
        <testcase classname="libraries/nestjs-libraries/src/database/prisma/posts/__tests__/posts.service.schedule.spec.ts" name="PostsService.getPublishMethods &gt; API-only platform without a bound account: no methods + ACCOUNT_BINDING_REQUIRED" time="0.000179958">
        </testcase>
        <testcase classname="libraries/nestjs-libraries/src/database/prisma/posts/__tests__/posts.service.schedule.spec.ts" name="PostsService.getPublishMethods &gt; ignores disabled integrations when deciding api capability" time="0.000147875">
        </testcase>
        <testcase classname="libraries/nestjs-libraries/src/database/prisma/posts/__tests__/posts.service.schedule.spec.ts" name="PostsService.schedulePosts &gt; extension post: flips to QUEUE(EXTENSION) and does NOT start Temporal" time="0.001031">
        </testcase>
        <testcase classname="libraries/nestjs-libraries/src/database/prisma/posts/__tests__/posts.service.schedule.spec.ts" name="PostsService.schedulePosts &gt; api post: flips to QUEUE(API) and starts Temporal exactly once" time="0.000321708">
        </testcase>
        <testcase classname="libraries/nestjs-libraries/src/database/prisma/posts/__tests__/posts.service.schedule.spec.ts" name="PostsService.schedulePosts &gt; api chosen but no bound account: fails that post, no flip, no Temporal" time="0.00030275">
        </testcase>
        <testcase classname="libraries/nestjs-libraries/src/database/prisma/posts/__tests__/posts.service.schedule.spec.ts" name="PostsService.schedulePosts &gt; mixed batch: schedules the good ones and isolates the failures" time="0.000226042">
        </testcase>
        <testcase classname="libraries/nestjs-libraries/src/database/prisma/posts/__tests__/posts.service.schedule.spec.ts" name="PostsService.schedulePosts &gt; passes a per-item date through to the queue flip (override publishDate)" time="0.000405625">
        </testcase>
        <testcase classname="libraries/nestjs-libraries/src/database/prisma/posts/__tests__/posts.service.schedule.spec.ts" name="PostsService.schedulePosts &gt; omits the date arg when the item carries no date (keep materialized publishDate)" time="0.000179083">
        </testcase>
        <testcase classname="libraries/nestjs-libraries/src/database/prisma/posts/__tests__/posts.service.schedule.spec.ts" name="PostsService.schedulePosts &gt; already-QUEUE post is an idempotent success (no re-flip, no re-trigger)" time="0.000207667">
        </testcase>
        <testcase classname="libraries/nestjs-libraries/src/database/prisma/posts/__tests__/posts.service.schedule.spec.ts" name="PostsService.schedulePosts &gt; reports null (not a guessed &quot;extension&quot;) for an already-QUEUE legacy null-method post" time="0.000166166">
        </testcase>
        <testcase classname="libraries/nestjs-libraries/src/database/prisma/posts/__tests__/posts.service.schedule.spec.ts" name="PostsService.schedulePosts — persisted publishMethod &gt; honours the stored API choice instead of auto-resolving to extension" time="0.000231584">
        </testcase>
        <testcase classname="libraries/nestjs-libraries/src/database/prisma/posts/__tests__/posts.service.schedule.spec.ts" name="PostsService.schedulePosts — persisted publishMethod &gt; lets this request override the stored choice" time="0.000208208">
        </testcase>
        <testcase classname="libraries/nestjs-libraries/src/database/prisma/posts/__tests__/posts.service.schedule.spec.ts" name="PostsService.schedulePosts — persisted publishMethod &gt; still rejects a stored API choice once the account is gone" time="0.000211166">
        </testcase>
        <testcase classname="libraries/nestjs-libraries/src/database/prisma/posts/__tests__/posts.service.schedule.spec.ts" name="PostsService.schedulePosts — persisted publishMethod &gt; auto-resolves when nothing is stored and nothing is requested" time="0.000259667">
        </testcase>
        <testcase classname="libraries/nestjs-libraries/src/database/prisma/posts/__tests__/posts.service.schedule.spec.ts" name="PostsService.schedulePosts — persisted publishMethod &gt; reports the persisted method for an already-scheduled post" time="0.000197625">
        </testcase>
    </testsuite>
    <testsuite name="libraries/nestjs-libraries/src/database/prisma/users/__tests__/users.service.getUserLimits.spec.ts" timestamp="2026-08-07T09:49:23.470Z" hostname="terceldeMac-mini.local" tests="4" failures="0" errors="0" skipped="0" time="0.003605375">
        <testcase classname="libraries/nestjs-libraries/src/database/prisma/users/__tests__/users.service.getUserLimits.spec.ts" name="UsersService.getUserLimits &gt; returns null when billing is disabled (no overrides applied)" time="0.001069292">
        </testcase>
        <testcase classname="libraries/nestjs-libraries/src/database/prisma/users/__tests__/users.service.getUserLimits.spec.ts" name="UsersService.getUserLimits &gt; returns the marked sentinel when there is no package — never overridable" time="0.000999375">
        </testcase>
        <testcase classname="libraries/nestjs-libraries/src/database/prisma/users/__tests__/users.service.getUserLimits.spec.ts" name="UsersService.getUserLimits &gt; returns the marked sentinel when the package is expired — never overridable" time="0.000166834">
        </testcase>
        <testcase classname="libraries/nestjs-libraries/src/database/prisma/users/__tests__/users.service.getUserLimits.spec.ts" name="UsersService.getUserLimits &gt; applies post_plan_limits overrides to an active package" time="0.0008475">
        </testcase>
    </testsuite>
    <testsuite name="libraries/nestjs-libraries/src/dtos/posts/providers-settings/__tests__/all.providers.settings.spec.ts" timestamp="2026-08-07T09:49:23.470Z" hostname="terceldeMac-mini.local" tests="7" failures="0" errors="0" skipped="0" time="0.00573425">
        <testcase classname="libraries/nestjs-libraries/src/dtos/posts/providers-settings/__tests__/all.providers.settings.spec.ts" name="allProviders whitelist &gt; covers every registered social provider identifier" time="0.000876333">
        </testcase>
        <testcase classname="libraries/nestjs-libraries/src/dtos/posts/providers-settings/__tests__/all.providers.settings.spec.ts" name="allProviders whitelist &gt; includes the extension-published article/forum platforms" time="0.000208917">
        </testcase>
        <testcase classname="libraries/nestjs-libraries/src/dtos/posts/providers-settings/__tests__/all.providers.settings.spec.ts" name="allProviders whitelist &gt; has no duplicate entries" time="0.000088417">
        </testcase>
        <testcase classname="libraries/nestjs-libraries/src/dtos/posts/providers-settings/__tests__/all.providers.settings.spec.ts" name="Post.settings discriminator &gt; accepts a quora post, which carries no extra settings" time="0.001659625">
        </testcase>
        <testcase classname="libraries/nestjs-libraries/src/dtos/posts/providers-settings/__tests__/all.providers.settings.spec.ts" name="Post.settings discriminator &gt; accepts a hackernews post carrying a title" time="0.000325709">
        </testcase>
        <testcase classname="libraries/nestjs-libraries/src/dtos/posts/providers-settings/__tests__/all.providers.settings.spec.ts" name="Post.settings discriminator &gt; rejects a hackernews post with no title" time="0.001203917">
        </testcase>
        <testcase classname="libraries/nestjs-libraries/src/dtos/posts/providers-settings/__tests__/all.providers.settings.spec.ts" name="Post.settings discriminator &gt; still rejects an unknown provider" time="0.000444167">
        </testcase>
    </testsuite>
    <testsuite name="libraries/nestjs-libraries/src/dtos/posts/providers-settings/__tests__/medium.settings.dto.spec.ts" timestamp="2026-08-07T09:49:23.470Z" hostname="terceldeMac-mini.local" tests="4" failures="0" errors="0" skipped="0" time="0.005959167">
        <testcase classname="libraries/nestjs-libraries/src/dtos/posts/providers-settings/__tests__/medium.settings.dto.spec.ts" name="MediumSettingsDto subtitle &gt; accepts a payload without a subtitle" time="0.002949292">
        </testcase>
        <testcase classname="libraries/nestjs-libraries/src/dtos/posts/providers-settings/__tests__/medium.settings.dto.spec.ts" name="MediumSettingsDto subtitle &gt; accepts an empty-string subtitle (untouched form field)" time="0.000786459">
        </testcase>
        <testcase classname="libraries/nestjs-libraries/src/dtos/posts/providers-settings/__tests__/medium.settings.dto.spec.ts" name="MediumSettingsDto subtitle &gt; still enforces min length on a provided subtitle" time="0.001239125">
        </testcase>
        <testcase classname="libraries/nestjs-libraries/src/dtos/posts/providers-settings/__tests__/medium.settings.dto.spec.ts" name="MediumSettingsDto subtitle &gt; still requires the title" time="0.000296458">
        </testcase>
    </testsuite>
</testsuites>
