<?xml version="1.0" encoding="UTF-8" ?>
<testsuites name="vitest tests" tests="1725" failures="0" errors="0" time="12.03864638">
    <testsuite name="scripts/cleanup-operation-plan-post-title.spec.ts" timestamp="2026-08-07T07:14:07.127Z" hostname="terceldeMac-mini.local" tests="11" failures="0" errors="0" skipped="0" time="0.002632833">
        <testcase classname="scripts/cleanup-operation-plan-post-title.spec.ts" name="cleanPost &gt; cleans a non-reddit polluted title and leaves settings untouched" time="0.000969667">
        </testcase>
        <testcase classname="scripts/cleanup-operation-plan-post-title.spec.ts" name="cleanPost &gt; returns null when the title is already clean (idempotent)" time="0.00012125">
        </testcase>
        <testcase classname="scripts/cleanup-operation-plan-post-title.spec.ts" name="cleanPost &gt; cleans BOTH Post.title and the reddit submit header, preserving other fields" time="0.000282208">
        </testcase>
        <testcase classname="scripts/cleanup-operation-plan-post-title.spec.ts" name="cleanPost &gt; cleans a leaked reddit header even when Post.title is already clean" time="0.000094959">
        </testcase>
        <testcase classname="scripts/cleanup-operation-plan-post-title.spec.ts" name="cleanPost &gt; returns null when a reddit row is already fully clean" time="0.000040292">
        </testcase>
        <testcase classname="scripts/cleanup-operation-plan-post-title.spec.ts" name="cleanPost &gt; fixes the title but never rewrites unparseable settings" time="0.00008025">
        </testcase>
        <testcase classname="scripts/cleanup-operation-plan-post-title.spec.ts" name="cleanPost &gt; returns null for a clean title with unparseable settings" time="0.000039625">
        </testcase>
        <testcase classname="scripts/cleanup-operation-plan-post-title.spec.ts" name="cleanPost &gt; handles a null title (only the reddit header needs cleaning)" time="0.000090334">
        </testcase>
        <testcase classname="scripts/cleanup-operation-plan-post-title.spec.ts" name="cleanPost &gt; returns null for a null title with clean settings" time="0.000111416">
        </testcase>
        <testcase classname="scripts/cleanup-operation-plan-post-title.spec.ts" name="cleanPost &gt; cleans multiple subreddit header entries and counts each changed one" time="0.000166417">
        </testcase>
        <testcase classname="scripts/cleanup-operation-plan-post-title.spec.ts" name="cleanPost &gt; treats null settings as empty and only touches the title" time="0.000044375">
        </testcase>
    </testsuite>
    <testsuite name="libraries/helpers/src/auth/auth.service.spec.ts" timestamp="2026-08-07T07:14:07.128Z" hostname="terceldeMac-mini.local" tests="6" failures="0" errors="0" skipped="0" time="0.15068275">
        <testcase classname="libraries/helpers/src/auth/auth.service.spec.ts" name="AuthService.verifyJWT &gt; HS256 only (no JWT_PUBLIC_KEY) &gt; verifies a valid HS256 token" time="0.002223458">
        </testcase>
        <testcase classname="libraries/helpers/src/auth/auth.service.spec.ts" name="AuthService.verifyJWT &gt; HS256 only (no JWT_PUBLIC_KEY) &gt; throws on tampered HS256 token" time="0.0005495">
        </testcase>
        <testcase classname="libraries/helpers/src/auth/auth.service.spec.ts" name="AuthService.verifyJWT &gt; RS256 primary + HS256 fallback (JWT_PUBLIC_KEY set) &gt; verifies a valid RS256 token" time="0.028887">
        </testcase>
        <testcase classname="libraries/helpers/src/auth/auth.service.spec.ts" name="AuthService.verifyJWT &gt; RS256 primary + HS256 fallback (JWT_PUBLIC_KEY set) &gt; falls back to HS256 for tokens issued before RS256 migration" time="0.054348833">
        </testcase>
        <testcase classname="libraries/helpers/src/auth/auth.service.spec.ts" name="AuthService.verifyJWT &gt; RS256 primary + HS256 fallback (JWT_PUBLIC_KEY set) &gt; throws when RS256 token is signed with wrong private key" time="0.048073958">
        </testcase>
        <testcase classname="libraries/helpers/src/auth/auth.service.spec.ts" name="AuthService.verifyJWT &gt; RS256 primary + HS256 fallback (JWT_PUBLIC_KEY set) &gt; unescapes \n in JWT_PUBLIC_KEY correctly" time="0.015850917">
        </testcase>
    </testsuite>
    <testsuite name="libraries/nestjs-libraries/src/projects/project-validation.service.spec.ts" timestamp="2026-08-07T07:14:07.128Z" hostname="terceldeMac-mini.local" tests="18" failures="0" errors="0" skipped="0" time="0.005984625">
        <testcase classname="libraries/nestjs-libraries/src/projects/project-validation.service.spec.ts" name="ProjectValidationService.assertProjectAccess &gt; resolves when the project is owned by the organization" time="0.001866417">
        </testcase>
        <testcase classname="libraries/nestjs-libraries/src/projects/project-validation.service.spec.ts" name="ProjectValidationService.assertProjectAccess &gt; throws ProjectNotFoundException for a non-UUID projectId without calling aisee-core" time="0.000988625">
        </testcase>
        <testcase classname="libraries/nestjs-libraries/src/projects/project-validation.service.spec.ts" name="ProjectValidationService.assertProjectAccess &gt; throws ProjectNotFoundException when aisee-core has no such product" time="0.000142875">
        </testcase>
        <testcase classname="libraries/nestjs-libraries/src/projects/project-validation.service.spec.ts" name="ProjectValidationService.assertProjectAccess &gt; throws ProjectNotFoundException (not 403) when the project belongs to a different owner" time="0.000175958">
        </testcase>
        <testcase classname="libraries/nestjs-libraries/src/projects/project-validation.service.spec.ts" name="ProjectValidationService.assertProjectAccess &gt; fails closed with ProjectValidationUnavailableException when aisee-core is unreachable" time="0.000123625">
        </testcase>
        <testcase classname="libraries/nestjs-libraries/src/projects/project-validation.service.spec.ts" name="ProjectValidationService.assertProjectAccess &gt; caches a positive verdict without re-calling aisee-core" time="0.0000935">
        </testcase>
        <testcase classname="libraries/nestjs-libraries/src/projects/project-validation.service.spec.ts" name="ProjectValidationService.assertProjectAccess &gt; caches a negative verdict without re-calling aisee-core" time="0.000131792">
        </testcase>
        <testcase classname="libraries/nestjs-libraries/src/projects/project-validation.service.spec.ts" name="ProjectValidationService.assertProjectAccess &gt; does not cache an unavailable verdict, so the next call retries" time="0.00014525">
        </testcase>
        <testcase classname="libraries/nestjs-libraries/src/projects/project-validation.service.spec.ts" name="ProjectValidationService.assertProjectAccess &gt; never trusts a client-supplied organization mapping — organizationId always drives resolveOwnerUserId" time="0.000523625">
        </testcase>
        <testcase classname="libraries/nestjs-libraries/src/projects/project-validation.service.spec.ts" name="ProjectValidationService.assertProjectAccess &gt; allows a read on a deactivated project — only actions are blocked" time="0.000088584">
        </testcase>
        <testcase classname="libraries/nestjs-libraries/src/projects/project-validation.service.spec.ts" name="ProjectValidationService.assertProjectActive &gt; resolves when the project is owned and active" time="0.000098875">
        </testcase>
        <testcase classname="libraries/nestjs-libraries/src/projects/project-validation.service.spec.ts" name="ProjectValidationService.assertProjectActive &gt; throws ProjectInactiveException (403) when the project is deactivated" time="0.000119291">
        </testcase>
        <testcase classname="libraries/nestjs-libraries/src/projects/project-validation.service.spec.ts" name="ProjectValidationService.assertProjectActive &gt; still throws ProjectNotFoundException (404) for another org — inactivity never leaks existence" time="0.000091208">
        </testcase>
        <testcase classname="libraries/nestjs-libraries/src/projects/project-validation.service.spec.ts" name="ProjectValidationService.assertProjectActive &gt; reuses the ownership lookup — checking activation costs no extra call" time="0.000071">
        </testcase>
        <testcase classname="libraries/nestjs-libraries/src/projects/project-validation.service.spec.ts" name="ProjectValidationService.isProjectActive &gt; returns true for an owned, active project" time="0.000166458">
        </testcase>
        <testcase classname="libraries/nestjs-libraries/src/projects/project-validation.service.spec.ts" name="ProjectValidationService.isProjectActive &gt; returns false for a deactivated project instead of throwing" time="0.0000705">
        </testcase>
        <testcase classname="libraries/nestjs-libraries/src/projects/project-validation.service.spec.ts" name="ProjectValidationService.isProjectActive &gt; re-checks a deactivated project sooner than the positive TTL, so reactivation lands promptly" time="0.000155333">
        </testcase>
        <testcase classname="libraries/nestjs-libraries/src/projects/project-validation.service.spec.ts" name="ProjectValidationService.isProjectActive &gt; returns false (fail closed) when aisee-core is unreachable" time="0.000160125">
        </testcase>
    </testsuite>
    <testsuite name="apps/extension/src/utils/__tests__/probe-session-account.spec.ts" timestamp="2026-08-07T07:14:07.129Z" hostname="terceldeMac-mini.local" tests="37" failures="0" errors="0" skipped="0" time="0.037137">
        <testcase classname="apps/extension/src/utils/__tests__/probe-session-account.spec.ts" name="probeSessionAccount — hackernews &gt; reads the username straight out of the `user` cookie" time="0.003179334">
        </testcase>
        <testcase classname="apps/extension/src/utils/__tests__/probe-session-account.spec.ts" name="probeSessionAccount — hackernews &gt; reports logged out when the cookie is absent" time="0.001246542">
        </testcase>
        <testcase classname="apps/extension/src/utils/__tests__/probe-session-account.spec.ts" name="probeSessionAccount — hackernews &gt; yields no id when the cookie is not in the expected format" time="0.000382875">
        </testcase>
        <testcase classname="apps/extension/src/utils/__tests__/probe-session-account.spec.ts" name="probeSessionAccount — x &gt; decodes the numeric id from the url-encoded twid cookie" time="0.002315792">
        </testcase>
        <testcase classname="apps/extension/src/utils/__tests__/probe-session-account.spec.ts" name="probeSessionAccount — x &gt; is logged out without auth_token, even if twid lingers" time="0.000334959">
        </testcase>
        <testcase classname="apps/extension/src/utils/__tests__/probe-session-account.spec.ts" name="probeSessionAccount — medium &gt; takes the @handle out of the /me redirect" time="0.000545042">
        </testcase>
        <testcase classname="apps/extension/src/utils/__tests__/probe-session-account.spec.ts" name="probeSessionAccount — linkedin &gt; reads the opaque entityUrn id, never the numeric plainId" time="0.000741958">
        </testcase>
        <testcase classname="apps/extension/src/utils/__tests__/probe-session-account.spec.ts" name="probeSessionAccount — linkedin &gt; returns no id at all when entityUrn is missing" time="0.000417542">
        </testcase>
        <testcase classname="apps/extension/src/utils/__tests__/probe-session-account.spec.ts" name="probeSessionAccount — quora &gt; reports signed-in from cookies WITHOUT touching the network" time="0.000562333">
        </testcase>
        <testcase classname="apps/extension/src/utils/__tests__/probe-session-account.spec.ts" name="probeSessionAccount — quora &gt; stays offline on the publish path too, where network defaults on" time="0.000313417">
        </testcase>
        <testcase classname="apps/extension/src/utils/__tests__/probe-session-account.spec.ts" name="probeSessionAccount — quora &gt; is logged out when the browser has never visited quora" time="0.000257917">
        </testcase>
        <testcase classname="apps/extension/src/utils/__tests__/probe-session-account.spec.ts" name="probeSessionAccount — quora &gt; treats a lone device cookie as signed in" time="0.000181667">
        </testcase>
        <testcase classname="apps/extension/src/utils/__tests__/probe-session-account.spec.ts" name="probeSessionAccount — unknown platform &gt; reports unsupported" time="0.000158875">
        </testcase>
        <testcase classname="apps/extension/src/utils/__tests__/probe-session-account.spec.ts" name="identity cache &gt; keeps every platform it resolved concurrently" time="0.000732667">
        </testcase>
        <testcase classname="apps/extension/src/utils/__tests__/probe-session-account.spec.ts" name="identity cache &gt; re-probes soon after a failed lookup instead of caching the miss for the full TTL" time="0.000536042">
        </testcase>
        <testcase classname="apps/extension/src/utils/__tests__/probe-session-account.spec.ts" name="identity cache &gt; drops a cached identity the moment the session cookie changes" time="0.000189292">
        </testcase>
        <testcase classname="apps/extension/src/utils/__tests__/probe-session-account.spec.ts" name="getSocialSessions &gt; carries comparable ids for the extension-published platforms" time="0.001042583">
            <system-out>
[aisee][sessions] dev.to cookie names []

            </system-out>
        </testcase>
        <testcase classname="apps/extension/src/utils/__tests__/probe-session-account.spec.ts" name="getSocialSessions &gt; never touches the private LinkedIn API for a snapshot" time="0.000159125">
        </testcase>
        <testcase classname="apps/extension/src/utils/__tests__/probe-session-account.spec.ts" name="getSocialSessions &gt; still resolves the LinkedIn id on the publish path" time="0.000115291">
        </testcase>
        <testcase classname="apps/extension/src/utils/__tests__/probe-session-account.spec.ts" name="getSocialSessions &gt; leaves loggedIn UNSET when a platform cannot be probed" time="0.015590125">
            <system-err>
[aisee][sessions] medium identity read failed Error: network down
    at [90m/Users/tercel/WorkSpace/aisee/postiz-app/[39mapps/extension/src/utils/__tests__/probe-session-account.spec.ts:414:13
    at readMediumHandle [90m(/Users/tercel/WorkSpace/aisee/postiz-app/[39mapps/extension/src/utils/social-sessions.ts:676:23[90m)[39m
    at cachedValue [90m(/Users/tercel/WorkSpace/aisee/postiz-app/[39mapps/extension/src/utils/social-sessions.ts:653:23[90m)[39m
[90m    at processTicksAndRejections (node:internal/process/task_queues:105:5)[39m
    at probeSessionAccount [90m(/Users/tercel/WorkSpace/aisee/postiz-app/[39mapps/extension/src/utils/social-sessions.ts:836:22[90m)[39m
    at platformSession [90m(/Users/tercel/WorkSpace/aisee/postiz-app/[39mapps/extension/src/utils/social-sessions.ts:1126:19[90m)[39m
    at async Promise.all (index 5)
    at Module.getSocialSessions [90m(/Users/tercel/WorkSpace/aisee/postiz-app/[39mapps/extension/src/utils/social-sessions.ts:1230:5[90m)[39m
    at [90m/Users/tercel/WorkSpace/aisee/postiz-app/[39mapps/extension/src/utils/__tests__/probe-session-account.spec.ts:418:22
    at [90mfile:///Users/tercel/WorkSpace/aisee/postiz-app/[39mnode_modules/[4m@vitest/runner[24m/dist/index.js:596:20

            </system-err>
        </testcase>
        <testcase classname="apps/extension/src/utils/__tests__/probe-session-account.spec.ts" name="getSocialSessions &gt; covers every platform the popup counts" time="0.000869958">
        </testcase>
        <testcase classname="apps/extension/src/utils/__tests__/probe-session-account.spec.ts" name="getSocialSessions &gt; reuses a cached dev.to account without opening a tab" time="0.000532833">
        </testcase>
        <testcase classname="apps/extension/src/utils/__tests__/probe-session-account.spec.ts" name="getSocialSessions &gt; drops a cached dev.to account once the session cookie changes" time="0.00018525">
        </testcase>
        <testcase classname="apps/extension/src/utils/__tests__/probe-session-account.spec.ts" name="getPlatformLoginSnapshot &gt; counts every platform the extension publishes with a browser session" time="0.000130583">
        </testcase>
        <testcase classname="apps/extension/src/utils/__tests__/probe-session-account.spec.ts" name="getPlatformLoginSnapshot &gt; reports every platform, signed in or out, in a fixed order" time="0.000458708">
        </testcase>
        <testcase classname="apps/extension/src/utils/__tests__/probe-session-account.spec.ts" name="getPlatformLoginSnapshot &gt; costs nothing but cookies while collapsed" time="0.000216917">
        </testcase>
        <testcase classname="apps/extension/src/utils/__tests__/probe-session-account.spec.ts" name="getPlatformLoginSnapshot &gt; names the accounts it safely can once expanded" time="0.000733084">
        </testcase>
        <testcase classname="apps/extension/src/utils/__tests__/probe-session-account.spec.ts" name="getPlatformLoginSnapshot &gt; recognises the dev.to session by shape, not by a guessed name" time="0.000347542">
        </testcase>
        <testcase classname="apps/extension/src/utils/__tests__/probe-session-account.spec.ts" name="getPlatformLoginSnapshot &gt; does not mistake dev.to analytics cookies for a session" time="0.000123666">
        </testcase>
        <testcase classname="apps/extension/src/utils/__tests__/probe-session-account.spec.ts" name="getPlatformLoginSnapshot &gt; never opens a dev.to tab for the collapsed counter" time="0.000084917">
        </testcase>
        <testcase classname="apps/extension/src/utils/__tests__/probe-session-account.spec.ts" name="getPlatformLoginSnapshot &gt; resolves the LinkedIn handle on expand, then reuses the cache" time="0.001483417">
        </testcase>
        <testcase classname="apps/extension/src/utils/__tests__/probe-session-account.spec.ts" name="getPlatformLoginSnapshot &gt; still keeps LinkedIn off the private API for the collapsed counter" time="0.000129959">
        </testcase>
        <testcase classname="apps/extension/src/utils/__tests__/probe-session-account.spec.ts" name="getPlatformLoginSnapshot &gt; NEVER reports the Quora m-uid as the account id" time="0.000138375">
        </testcase>
        <testcase classname="apps/extension/src/utils/__tests__/probe-session-account.spec.ts" name="getPlatformLoginSnapshot &gt; reports the cached Quora slug, keyed on the uid, without a request" time="0.000143208">
        </testcase>
        <testcase classname="apps/extension/src/utils/__tests__/probe-session-account.spec.ts" name="getPlatformLoginSnapshot &gt; ignores a cached Quora uid when no slug was resolved" time="0.000109792">
        </testcase>
        <testcase classname="apps/extension/src/utils/__tests__/probe-session-account.spec.ts" name="getPlatformLoginSnapshot &gt; drops a cached Quora slug once the uid changes" time="0.000075958">
        </testcase>
        <testcase classname="apps/extension/src/utils/__tests__/probe-session-account.spec.ts" name="getPlatformLoginSnapshot &gt; never opens a Quora tab for the collapsed counter" time="0.00009225">
        </testcase>
    </testsuite>
    <testsuite name="apps/extension/src/utils/__tests__/reddit-media.spec.ts" timestamp="2026-08-07T07:14:07.131Z" hostname="terceldeMac-mini.local" tests="6" failures="0" errors="0" skipped="0" time="0.003747459">
        <testcase classname="apps/extension/src/utils/__tests__/reddit-media.spec.ts" name="parseRedditMediaLease &gt; extracts upload url, fields and asset id from a lease response" time="0.0024045">
        </testcase>
        <testcase classname="apps/extension/src/utils/__tests__/reddit-media.spec.ts" name="parseRedditMediaLease &gt; keeps absolute action URLs and rejects malformed leases" time="0.000216542">
        </testcase>
        <testcase classname="apps/extension/src/utils/__tests__/reddit-media.spec.ts" name="mediaFilename &gt; uses the URL basename when it has an extension" time="0.000114959">
        </testcase>
        <testcase classname="apps/extension/src/utils/__tests__/reddit-media.spec.ts" name="mediaFilename &gt; derives an extension from the mimetype otherwise" time="0.000058">
        </testcase>
        <testcase classname="apps/extension/src/utils/__tests__/reddit-media.spec.ts" name="buildSelftextWithImages &gt; appends inline image markdown after the text" time="0.000060458">
        </testcase>
        <testcase classname="apps/extension/src/utils/__tests__/reddit-media.spec.ts" name="buildSelftextWithImages &gt; supports image-only and text-only bodies" time="0.000046958">
        </testcase>
    </testsuite>
    <testsuite name="apps/extension/src/utils/__tests__/reddit-submit.spec.ts" timestamp="2026-08-07T07:14:07.131Z" hostname="terceldeMac-mini.local" tests="12" failures="0" errors="0" skipped="0" time="0.002733584">
        <testcase classname="apps/extension/src/utils/__tests__/reddit-submit.spec.ts" name="parseRedditSubmitResponse &gt; extracts url and fullname from an api_type=json submit response" time="0.000879708">
        </testcase>
        <testcase classname="apps/extension/src/utils/__tests__/reddit-submit.spec.ts" name="parseRedditSubmitResponse &gt; returns empty fields on missing or malformed responses" time="0.000113792">
        </testcase>
        <testcase classname="apps/extension/src/utils/__tests__/reddit-submit.spec.ts" name="isRedditCaptchaError &gt; detects a BAD_CAPTCHA error tuple from /api/submit" time="0.000127625">
        </testcase>
        <testcase classname="apps/extension/src/utils/__tests__/reddit-submit.spec.ts" name="isRedditCaptchaError &gt; is false for unrelated submit errors" time="0.000072958">
        </testcase>
        <testcase classname="apps/extension/src/utils/__tests__/reddit-submit.spec.ts" name="isRedditPostRuleError &gt; detects the real r/machinelearning flair + title-tag rejection" time="0.000084709">
        </testcase>
        <testcase classname="apps/extension/src/utils/__tests__/reddit-submit.spec.ts" name="isRedditPostRuleError &gt; detects a flair-only rejection" time="0.000057666">
        </testcase>
        <testcase classname="apps/extension/src/utils/__tests__/reddit-submit.spec.ts" name="isRedditPostRuleError &gt; detects a title-tag-only rejection" time="0.000034333">
        </testcase>
        <testcase classname="apps/extension/src/utils/__tests__/reddit-submit.spec.ts" name="isRedditPostRuleError &gt; is false for unrelated submit errors" time="0.000053625">
        </testcase>
        <testcase classname="apps/extension/src/utils/__tests__/reddit-submit.spec.ts" name="isRedditPostRuleError &gt; does not swallow a captcha error (that has its own branch)" time="0.000037833">
        </testcase>
        <testcase classname="apps/extension/src/utils/__tests__/reddit-submit.spec.ts" name="isRedditFixableFormError &gt; treats a missing-flair form error as fixable in the open tab" time="0.000058083">
        </testcase>
        <testcase classname="apps/extension/src/utils/__tests__/reddit-submit.spec.ts" name="isRedditFixableFormError &gt; treats a missing title tag as fixable in the open tab" time="0.000048333">
        </testcase>
        <testcase classname="apps/extension/src/utils/__tests__/reddit-submit.spec.ts" name="isRedditFixableFormError &gt; is false for a hard rejection that no form edit can fix" time="0.000049792">
        </testcase>
    </testsuite>
    <testsuite name="apps/extension/src/utils/__tests__/reddit.poster.spec.ts" timestamp="2026-08-07T07:14:07.131Z" hostname="terceldeMac-mini.local" tests="10" failures="0" errors="0" skipped="0" time="0.002189792">
        <testcase classname="apps/extension/src/utils/__tests__/reddit.poster.spec.ts" name="resolveRedditThingId &gt; resolves a post URL to a t3_ fullname" time="0.000720959">
        </testcase>
        <testcase classname="apps/extension/src/utils/__tests__/reddit.poster.spec.ts" name="resolveRedditThingId &gt; resolves a comment URL to a t1_ fullname" time="0.00009425">
        </testcase>
        <testcase classname="apps/extension/src/utils/__tests__/reddit.poster.spec.ts" name="resolveRedditThingId &gt; handles old.reddit.com and missing trailing slash" time="0.000045583">
        </testcase>
        <testcase classname="apps/extension/src/utils/__tests__/reddit.poster.spec.ts" name="resolveRedditThingId &gt; returns null for a non-comment Reddit URL" time="0.000051292">
        </testcase>
        <testcase classname="apps/extension/src/utils/__tests__/reddit.poster.spec.ts" name="resolveRedditThingId &gt; returns null for an unparseable string" time="0.000047375">
        </testcase>
        <testcase classname="apps/extension/src/utils/__tests__/reddit.poster.spec.ts" name="parseRedditCommentThing &gt; reads structured JSON shape (permalink + name)" time="0.000324209">
        </testcase>
        <testcase classname="apps/extension/src/utils/__tests__/reddit.poster.spec.ts" name="parseRedditCommentThing &gt; reads HTML-render shape (data-permalink in content, id as fullname)" time="0.000081166">
        </testcase>
        <testcase classname="apps/extension/src/utils/__tests__/reddit.poster.spec.ts" name="parseRedditCommentThing &gt; returns empty object for a null thing" time="0.000040792">
        </testcase>
        <testcase classname="apps/extension/src/utils/__tests__/reddit.poster.spec.ts" name="parseRedditAuthorFromThing &gt; extracts author handle + fullname from the comment HTML" time="0.000096208">
        </testcase>
        <testcase classname="apps/extension/src/utils/__tests__/reddit.poster.spec.ts" name="parseRedditAuthorFromThing &gt; returns undefined when no author is present" time="0.000067916">
        </testcase>
    </testsuite>
    <testsuite name="apps/extension/src/utils/__tests__/social-sessions.spec.ts" timestamp="2026-08-07T07:14:07.132Z" hostname="terceldeMac-mini.local" tests="3" failures="0" errors="0" skipped="0" time="0.001608167">
        <testcase classname="apps/extension/src/utils/__tests__/social-sessions.spec.ts" name="decodeRedditIdFromJwt &gt; finds the t2_* account id regardless of which payload key holds it" time="0.000878208">
        </testcase>
        <testcase classname="apps/extension/src/utils/__tests__/social-sessions.spec.ts" name="decodeRedditIdFromJwt &gt; returns undefined when no t2_* value exists in the payload" time="0.000086875">
        </testcase>
        <testcase classname="apps/extension/src/utils/__tests__/social-sessions.spec.ts" name="decodeRedditIdFromJwt &gt; returns undefined on malformed or empty tokens" time="0.000109875">
        </testcase>
    </testsuite>
    <testsuite name="apps/orchestrator/src/activities/__tests__/engage-persist.spec.ts" timestamp="2026-08-07T07:14:07.132Z" hostname="terceldeMac-mini.local" tests="5" failures="0" errors="0" skipped="0" time="0.00577475">
        <testcase classname="apps/orchestrator/src/activities/__tests__/engage-persist.spec.ts" name="EngageScanActivity._persistOpportunities &gt; upserts global post by [platform, externalPostId] without per-org columns" time="0.00340425">
        </testcase>
        <testcase classname="apps/orchestrator/src/activities/__tests__/engage-persist.spec.ts" name="EngageScanActivity._persistOpportunities &gt; upserts per-org state with NEW on create and preserves user state on update" time="0.000774792">
        </testcase>
        <testcase classname="apps/orchestrator/src/activities/__tests__/engage-persist.spec.ts" name="EngageScanActivity._persistOpportunities &gt; preserves user state (no status/bookmarked reset) when the state row already exists" time="0.00032025">
        </testcase>
        <testcase classname="apps/orchestrator/src/activities/__tests__/engage-persist.spec.ts" name="EngageScanActivity._persistOpportunities &gt; keeps state.opportunityId aligned with its post across the chunk boundary" time="0.000491333">
        </testcase>
        <testcase classname="apps/orchestrator/src/activities/__tests__/engage-persist.spec.ts" name="EngageScanActivity._persistOpportunities &gt; is a no-op for an empty post list" time="0.000133792">
        </testcase>
    </testsuite>
    <testsuite name="apps/orchestrator/src/activities/__tests__/engage-scan-interval.spec.ts" timestamp="2026-08-07T07:14:07.132Z" hostname="terceldeMac-mini.local" tests="12" failures="0" errors="0" skipped="0" time="0.006712333">
        <testcase classname="apps/orchestrator/src/activities/__tests__/engage-scan-interval.spec.ts" name="EngageScanActivity per-keyword scan units (by scan interval) &gt; scans each keyword as its own unit at the MIN interval across owning orgs" time="0.001952458">
        </testcase>
        <testcase classname="apps/orchestrator/src/activities/__tests__/engage-scan-interval.spec.ts" name="EngageScanActivity per-keyword scan units (by scan interval) &gt; uses the default 24h interval for orgs missing from the interval map" time="0.000269458">
        </testcase>
        <testcase classname="apps/orchestrator/src/activities/__tests__/engage-scan-interval.spec.ts" name="EngageScanActivity cursor claim with bucketed keyword key (shared lease) &gt; upserts the cursor under the composite __global__:&lt;hours&gt; key and claims it when due" time="0.00127525">
        </testcase>
        <testcase classname="apps/orchestrator/src/activities/__tests__/engage-scan-interval.spec.ts" name="EngageScanActivity cursor claim with bucketed keyword key (shared lease) &gt; skips a bucket scanned within its cadence (not due — no claim)" time="0.000393291">
        </testcase>
        <testcase classname="apps/orchestrator/src/activities/__tests__/engage-scan-interval.spec.ts" name="xScanEnabled (X kill switch) &gt; defaults to enabled when nothing is set" time="0.00044975">
        </testcase>
        <testcase classname="apps/orchestrator/src/activities/__tests__/engage-scan-interval.spec.ts" name="xScanEnabled (X kill switch) &gt; is disabled by the explicit ENGAGE_X_SCAN_ENABLED=false toggle" time="0.000183542">
        </testcase>
        <testcase classname="apps/orchestrator/src/activities/__tests__/engage-scan-interval.spec.ts" name="xScanEnabled (X kill switch) &gt; is disabled when ENGAGE_SUPPORTED_PLATFORMS excludes x (shared with extension)" time="0.000091875">
        </testcase>
        <testcase classname="apps/orchestrator/src/activities/__tests__/engage-scan-interval.spec.ts" name="xScanEnabled (X kill switch) &gt; stays enabled when the allowlist includes x" time="0.000055167">
        </testcase>
        <testcase classname="apps/orchestrator/src/activities/__tests__/engage-scan-interval.spec.ts" name="xScanEnabled (X kill switch) &gt; honours a resolved allowlist argument over the env var" time="0.00005725">
        </testcase>
        <testcase classname="apps/orchestrator/src/activities/__tests__/engage-scan-interval.spec.ts" name="xScanEnabled (X kill switch) &gt; explicit ENGAGE_X_SCAN_ENABLED=false still wins over a resolved allowlist with x" time="0.0000395">
        </testcase>
        <testcase classname="apps/orchestrator/src/activities/__tests__/engage-scan-interval.spec.ts" name="EngageScanActivity per-account tracked units &gt; scans each tracked account as its own unit at the MIN interval (not OR-merged)" time="0.000946375">
        </testcase>
        <testcase classname="apps/orchestrator/src/activities/__tests__/engage-scan-interval.spec.ts" name="EngageScanActivity channel/tracked per-unit cadence &gt; scans each subreddit at the min interval of its monitoring orgs" time="0.000290917">
        </testcase>
    </testsuite>
    <testsuite name="apps/orchestrator/src/activities/__tests__/engage-scan-orchestration.spec.ts" timestamp="2026-08-07T07:14:07.133Z" hostname="terceldeMac-mini.local" tests="21" failures="0" errors="0" skipped="0" time="0.020039334">
        <testcase classname="apps/orchestrator/src/activities/__tests__/engage-scan-orchestration.spec.ts" name="EngageScanActivity._scanUnit (cursor lifecycle) &gt; claims IDLE→SCANNING, passes the stored cursor to the adapter, then completes" time="0.005823917">
        </testcase>
        <testcase classname="apps/orchestrator/src/activities/__tests__/engage-scan-orchestration.spec.ts" name="EngageScanActivity._scanUnit (cursor lifecycle) &gt; skips a cooling-down unit without calling the adapter" time="0.0013165">
        </testcase>
        <testcase classname="apps/orchestrator/src/activities/__tests__/engage-scan-orchestration.spec.ts" name="EngageScanActivity._scanUnit (cursor lifecycle) &gt; skips a unit already SCANNING (single-flight)" time="0.000816959">
        </testcase>
        <testcase classname="apps/orchestrator/src/activities/__tests__/engage-scan-orchestration.spec.ts" name="EngageScanActivity._scanUnit (cursor lifecycle) &gt; returns empty when it loses the claim race (updateMany count 0)" time="0.00030925">
        </testcase>
        <testcase classname="apps/orchestrator/src/activities/__tests__/engage-scan-orchestration.spec.ts" name="EngageScanActivity._scanUnit (cursor lifecycle) &gt; cools down (does NOT advance cursor) when the adapter reports a rate limit" time="0.0012945">
        </testcase>
        <testcase classname="apps/orchestrator/src/activities/__tests__/engage-scan-orchestration.spec.ts" name="EngageScanActivity._scanUnit (cursor lifecycle) &gt; advances the cursor to newest on backlog (1-page pacing must progress, not re-fetch the same page)" time="0.000441083">
        </testcase>
        <testcase classname="apps/orchestrator/src/activities/__tests__/engage-scan-orchestration.spec.ts" name="EngageScanActivity._scanUnit (cursor lifecycle) &gt; releases the SCANNING lock when the adapter throws" time="0.00032875">
        </testcase>
        <testcase classname="apps/orchestrator/src/activities/__tests__/engage-scan-orchestration.spec.ts" name="EngageScanActivity._scanUnit (cursor lifecycle) &gt; skips an X unit (releasing the lock) when the token pool is exhausted" time="0.000245417">
        </testcase>
        <testcase classname="apps/orchestrator/src/activities/__tests__/engage-scan-orchestration.spec.ts" name="EngageScanActivity._scanUnit (cursor lifecycle) &gt; skips a unit scanned within its cadence (not due)" time="0.000191209">
        </testcase>
        <testcase classname="apps/orchestrator/src/activities/__tests__/engage-scan-orchestration.spec.ts" name="EngageScanActivity._scanUnit (cursor lifecycle) &gt; force bypasses the cadence gate" time="0.00016525">
        </testcase>
        <testcase classname="apps/orchestrator/src/activities/__tests__/engage-scan-orchestration.spec.ts" name="EngageScanActivity._fanOutAndFinalize (per-org isolation) &gt; isolates a single org fan-out failure; still expires + finalizes every org" time="0.00066025">
        </testcase>
        <testcase classname="apps/orchestrator/src/activities/__tests__/engage-scan-orchestration.spec.ts" name="EngageScanActivity keyword initial scans &gt; lazily creates missing initial scan rows for enabled platforms" time="0.000363875">
        </testcase>
        <testcase classname="apps/orchestrator/src/activities/__tests__/engage-scan-orchestration.spec.ts" name="EngageScanActivity keyword initial scans &gt; loads initial scan config from Settings with env/default fallback" time="0.000350542">
        </testcase>
        <testcase classname="apps/orchestrator/src/activities/__tests__/engage-scan-orchestration.spec.ts" name="EngageScanActivity keyword initial scans &gt; fans an initial scan out to sibling project configs in the same organization" time="0.001140042">
        </testcase>
        <testcase classname="apps/orchestrator/src/activities/__tests__/engage-scan-orchestration.spec.ts" name="EngageScanActivity keyword initial scans &gt; keeps a rate-limited keyword initial scan retryable instead of marking it DONE" time="0.000452625">
        </testcase>
        <testcase classname="apps/orchestrator/src/activities/__tests__/engage-scan-orchestration.spec.ts" name="EngageScanActivity keyword initial scans &gt; keeps a budget-exhausted keyword initial scan retryable after fan-out" time="0.000888667">
        </testcase>
        <testcase classname="apps/orchestrator/src/activities/__tests__/engage-scan-orchestration.spec.ts" name="EngageScanActivity keyword initial scans &gt; runs X keyword initial scans with empty cursor and X-specific budget" time="0.001694875">
        </testcase>
        <testcase classname="apps/orchestrator/src/activities/__tests__/engage-scan-orchestration.spec.ts" name="EngageScanActivity keyword initial scans &gt; reclaims a stale RUNNING keyword initial scan lease" time="0.000916916">
        </testcase>
        <testcase classname="apps/orchestrator/src/activities/__tests__/engage-scan-orchestration.spec.ts" name="EngageScanActivity._fanOutToOrg (Reddit monitored subreddit +5 &amp; followers) &gt; keyword post in a monitored subreddit earns scoreTracked +5" time="0.000807167">
        </testcase>
        <testcase classname="apps/orchestrator/src/activities/__tests__/engage-scan-orchestration.spec.ts" name="EngageScanActivity._fanOutToOrg (Reddit monitored subreddit +5 &amp; followers) &gt; keyword post in a NON-monitored subreddit earns no bonus" time="0.000225584">
        </testcase>
        <testcase classname="apps/orchestrator/src/activities/__tests__/engage-scan-orchestration.spec.ts" name="EngageScanActivity._fanOutToOrg (Reddit monitored subreddit +5 &amp; followers) &gt; Reddit authority comes from channelFollowers (subreddit size), not a per-author fetch" time="0.000162083">
        </testcase>
    </testsuite>
    <testsuite name="apps/orchestrator/src/activities/__tests__/engage-scan.filterActiveProjects.spec.ts" timestamp="2026-08-07T07:14:07.134Z" hostname="terceldeMac-mini.local" tests="5" failures="0" errors="0" skipped="0" time="0.004312416">
        <testcase classname="apps/orchestrator/src/activities/__tests__/engage-scan.filterActiveProjects.spec.ts" name="EngageScanActivity._filterActiveProjects &gt; passes a null-projectId (legacy) context through without calling aisee-core" time="0.001332708">
        </testcase>
        <testcase classname="apps/orchestrator/src/activities/__tests__/engage-scan.filterActiveProjects.spec.ts" name="EngageScanActivity._filterActiveProjects &gt; drops a context whose project is deactivated" time="0.002065417">
        </testcase>
        <testcase classname="apps/orchestrator/src/activities/__tests__/engage-scan.filterActiveProjects.spec.ts" name="EngageScanActivity._filterActiveProjects &gt; keeps a context whose project is active" time="0.000132125">
        </testcase>
        <testcase classname="apps/orchestrator/src/activities/__tests__/engage-scan.filterActiveProjects.spec.ts" name="EngageScanActivity._filterActiveProjects &gt; handles a mix of legacy (null), active, and deactivated contexts in one call" time="0.00018125">
        </testcase>
        <testcase classname="apps/orchestrator/src/activities/__tests__/engage-scan.filterActiveProjects.spec.ts" name="EngageScanActivity._filterActiveProjects &gt; passes every context through unfiltered when ProjectValidationService is not wired" time="0.000049959">
        </testcase>
    </testsuite>
    <testsuite name="apps/orchestrator/src/activities/__tests__/ensure-fresh-token.spec.ts" timestamp="2026-08-07T07:14:07.134Z" hostname="terceldeMac-mini.local" tests="11" failures="0" errors="0" skipped="0" time="0.004127917">
        <testcase classname="apps/orchestrator/src/activities/__tests__/ensure-fresh-token.spec.ts" name="PostActivity.ensureFreshToken &gt; returns null when integration is missing in DB" time="0.001358416">
        </testcase>
        <testcase classname="apps/orchestrator/src/activities/__tests__/ensure-fresh-token.spec.ts" name="PostActivity.ensureFreshToken &gt; returns null when integration is deleted/disabled/refreshNeeded" time="0.000303583">
        </testcase>
        <testcase classname="apps/orchestrator/src/activities/__tests__/ensure-fresh-token.spec.ts" name="PostActivity.ensureFreshToken &gt; returns null when integration has no tokenExpiration (OAuth 1.0a permanent)" time="0.000136541">
        </testcase>
        <testcase classname="apps/orchestrator/src/activities/__tests__/ensure-fresh-token.spec.ts" name="PostActivity.ensureFreshToken &gt; returns null when inBetweenSteps is true (another refresh in flight — defer)" time="0.000132417">
        </testcase>
        <testcase classname="apps/orchestrator/src/activities/__tests__/ensure-fresh-token.spec.ts" name="PostActivity.ensureFreshToken &gt; returns null when provider declares the token permanent" time="0.000153875">
        </testcase>
        <testcase classname="apps/orchestrator/src/activities/__tests__/ensure-fresh-token.spec.ts" name="PostActivity.ensureFreshToken &gt; SKIPS refresh for refreshCron=true providers (Layer 1 owns this — prevents the race)" time="0.000376917">
        </testcase>
        <testcase classname="apps/orchestrator/src/activities/__tests__/ensure-fresh-token.spec.ts" name="PostActivity.ensureFreshToken &gt; returns fresh DB row unchanged when token is comfortably fresh (msToExpiry &gt; buffer)" time="0.00024675">
        </testcase>
        <testcase classname="apps/orchestrator/src/activities/__tests__/ensure-fresh-token.spec.ts" name="PostActivity.ensureFreshToken &gt; refreshes when token expires within the buffer window; re-reads DB; logs success" time="0.000224875">
        </testcase>
        <testcase classname="apps/orchestrator/src/activities/__tests__/ensure-fresh-token.spec.ts" name="PostActivity.ensureFreshToken &gt; does NOT setBetweenSteps on transient errors (lets reactive 401 path handle)" time="0.000242667">
        </testcase>
        <testcase classname="apps/orchestrator/src/activities/__tests__/ensure-fresh-token.spec.ts" name="PostActivity.ensureFreshToken &gt; does NOT setBetweenSteps on UNKNOWN errors either — pre-flight is best-effort, must not disable healthy accounts" time="0.000203792">
        </testcase>
        <testcase classname="apps/orchestrator/src/activities/__tests__/ensure-fresh-token.spec.ts" name="PostActivity.ensureFreshToken &gt; returns false (without crashing) when refresh returns falsy/no accessToken" time="0.000160041">
        </testcase>
    </testsuite>
    <testsuite name="libraries/helpers/src/proxy/__tests__/setup-dispatcher.spec.ts" timestamp="2026-08-07T07:14:07.135Z" hostname="terceldeMac-mini.local" tests="3" failures="0" errors="0" skipped="0" time="0.002152875">
        <testcase classname="libraries/helpers/src/proxy/__tests__/setup-dispatcher.spec.ts" name="OriginRoutingDispatcher &gt; routes *.reddit.com to the reddit dispatcher" time="0.001210708">
        </testcase>
        <testcase classname="libraries/helpers/src/proxy/__tests__/setup-dispatcher.spec.ts" name="OriginRoutingDispatcher &gt; routes every other origin to the fallback dispatcher" time="0.000228958">
        </testcase>
        <testcase classname="libraries/helpers/src/proxy/__tests__/setup-dispatcher.spec.ts" name="OriginRoutingDispatcher &gt; returns the underlying dispatch result" time="0.000117875">
        </testcase>
    </testsuite>
    <testsuite name="libraries/helpers/src/utils/__tests__/date.utils.spec.ts" timestamp="2026-08-07T07:14:07.135Z" hostname="terceldeMac-mini.local" tests="10" failures="0" errors="0" skipped="0" time="0.013558">
        <testcase classname="libraries/helpers/src/utils/__tests__/date.utils.spec.ts" name="parseDate / parseDateToUTC &gt; Case 1: +08:00 offset + tz header" time="0.010326084">
        </testcase>
        <testcase classname="libraries/helpers/src/utils/__tests__/date.utils.spec.ts" name="parseDate / parseDateToUTC &gt; Case 2: +08:00 offset, no tz" time="0.000129083">
        </testcase>
        <testcase classname="libraries/helpers/src/utils/__tests__/date.utils.spec.ts" name="parseDate / parseDateToUTC &gt; Case 2: Z offset, no tz" time="0.000071166">
        </testcase>
        <testcase classname="libraries/helpers/src/utils/__tests__/date.utils.spec.ts" name="parseDate / parseDateToUTC &gt; Case 3: no offset + tz header" time="0.000456709">
        </testcase>
        <testcase classname="libraries/helpers/src/utils/__tests__/date.utils.spec.ts" name="parseDate / parseDateToUTC &gt; Case 3: no offset + tz, late-day time does not jump day" time="0.000460667">
        </testcase>
        <testcase classname="libraries/helpers/src/utils/__tests__/date.utils.spec.ts" name="parseDate / parseDateToUTC &gt; Case 4: no offset, no tz → treated as UTC" time="0.000052834">
        </testcase>
        <testcase classname="libraries/helpers/src/utils/__tests__/date.utils.spec.ts" name="parseDate / parseDateToUTC &gt; startOf(day) with offset + tz snaps to local day start" time="0.000174166">
        </testcase>
        <testcase classname="libraries/helpers/src/utils/__tests__/date.utils.spec.ts" name="parseDate / parseDateToUTC &gt; endOf(day) with offset + tz snaps to local day end" time="0.000141">
        </testcase>
        <testcase classname="libraries/helpers/src/utils/__tests__/date.utils.spec.ts" name="parseDate / parseDateToUTC &gt; negative offset: -05:00 (New York EST)" time="0.00007725">
        </testcase>
        <testcase classname="libraries/helpers/src/utils/__tests__/date.utils.spec.ts" name="parseDate / parseDateToUTC &gt; Cases 1-3 all resolve to the same UTC instant" time="0.000151334">
        </testcase>
    </testsuite>
    <testsuite name="libraries/nestjs-libraries/src/chat/__tests__/billing.middleware.spec.ts" timestamp="2026-08-07T07:14:07.135Z" hostname="terceldeMac-mini.local" tests="9" failures="0" errors="0" skipped="0" time="0.008140833">
        <testcase classname="libraries/nestjs-libraries/src/chat/__tests__/billing.middleware.spec.ts" name="withBillingTracking &gt; doGenerate — collects usage within ALS context" time="0.002712917">
        </testcase>
        <testcase classname="libraries/nestjs-libraries/src/chat/__tests__/billing.middleware.spec.ts" name="withBillingTracking &gt; doStream — collects usage from finish chunk despite TransformStream ALS loss" time="0.002920583">
        </testcase>
        <testcase classname="libraries/nestjs-libraries/src/chat/__tests__/billing.middleware.spec.ts" name="withBillingTracking &gt; doStream — chunks are passed through unmodified" time="0.000748833">
        </testcase>
        <testcase classname="libraries/nestjs-libraries/src/chat/__tests__/billing.middleware.spec.ts" name="withBillingTracking &gt; doStream without usage in finish chunk — no usage collected" time="0.000261666">
        </testcase>
        <testcase classname="libraries/nestjs-libraries/src/chat/__tests__/billing.middleware.spec.ts" name="withBillingTracking &gt; doStream with null stream — returns result as-is" time="0.000105875">
        </testcase>
        <testcase classname="libraries/nestjs-libraries/src/chat/__tests__/billing.middleware.spec.ts" name="withBillingTracking &gt; multiple doGenerate calls — accumulates usages" time="0.000151875">
        </testcase>
        <testcase classname="libraries/nestjs-libraries/src/chat/__tests__/billing.middleware.spec.ts" name="withBillingTracking &gt; mixed doGenerate + doStream — all usages collected" time="0.000341792">
        </testcase>
        <testcase classname="libraries/nestjs-libraries/src/chat/__tests__/billing.middleware.spec.ts" name="withBillingTracking &gt; openai provider detection — non-openrouter" time="0.000099375">
        </testcase>
        <testcase classname="libraries/nestjs-libraries/src/chat/__tests__/billing.middleware.spec.ts" name="withBillingTracking &gt; other properties are proxied through" time="0.000116667">
        </testcase>
    </testsuite>
    <testsuite name="libraries/nestjs-libraries/src/dtos/integrations/posting-times.utils.spec.ts" timestamp="2026-08-07T07:14:07.136Z" hostname="terceldeMac-mini.local" tests="40" failures="0" errors="0" skipped="0" time="0.006615125">
        <testcase classname="libraries/nestjs-libraries/src/dtos/integrations/posting-times.utils.spec.ts" name="normalizePostingTimes &gt; should convert legacy format to V2" time="0.001033125">
        </testcase>
        <testcase classname="libraries/nestjs-libraries/src/dtos/integrations/posting-times.utils.spec.ts" name="normalizePostingTimes &gt; should pass through V2 format unchanged" time="0.000110875">
        </testcase>
        <testcase classname="libraries/nestjs-libraries/src/dtos/integrations/posting-times.utils.spec.ts" name="normalizePostingTimes &gt; should return empty schedules for null input" time="0.000058833">
        </testcase>
        <testcase classname="libraries/nestjs-libraries/src/dtos/integrations/posting-times.utils.spec.ts" name="normalizePostingTimes &gt; should return empty schedules for undefined input" time="0.000047125">
        </testcase>
        <testcase classname="libraries/nestjs-libraries/src/dtos/integrations/posting-times.utils.spec.ts" name="normalizePostingTimes &gt; should return empty schedules for empty string" time="0.000043291">
        </testcase>
        <testcase classname="libraries/nestjs-libraries/src/dtos/integrations/posting-times.utils.spec.ts" name="normalizePostingTimes &gt; should return empty schedules for malformed JSON" time="0.000058709">
        </testcase>
        <testcase classname="libraries/nestjs-libraries/src/dtos/integrations/posting-times.utils.spec.ts" name="normalizePostingTimes &gt; should return empty schedules for non-object/non-array JSON" time="0.0000445">
        </testcase>
        <testcase classname="libraries/nestjs-libraries/src/dtos/integrations/posting-times.utils.spec.ts" name="normalizePostingTimes &gt; should return empty schedules for empty legacy array" time="0.000045875">
        </testcase>
        <testcase classname="libraries/nestjs-libraries/src/dtos/integrations/posting-times.utils.spec.ts" name="normalizePostingTimes &gt; should reject legacy array with non-numeric time" time="0.000044666">
        </testcase>
        <testcase classname="libraries/nestjs-libraries/src/dtos/integrations/posting-times.utils.spec.ts" name="resolveTimeSlotsForDate &gt; Monday 2026-03-02: matches daily + weekday + dayOfWeek(1) + specificDate" time="0.00135225">
        </testcase>
        <testcase classname="libraries/nestjs-libraries/src/dtos/integrations/posting-times.utils.spec.ts" name="resolveTimeSlotsForDate &gt; Tuesday 2026-03-03: matches daily + weekday only" time="0.000153833">
        </testcase>
        <testcase classname="libraries/nestjs-libraries/src/dtos/integrations/posting-times.utils.spec.ts" name="resolveTimeSlotsForDate &gt; Saturday 2026-03-07: matches daily only" time="0.0000815">
        </testcase>
        <testcase classname="libraries/nestjs-libraries/src/dtos/integrations/posting-times.utils.spec.ts" name="resolveTimeSlotsForDate &gt; Sunday 2026-03-08: matches daily + dayOfWeek(0)" time="0.000131625">
        </testcase>
        <testcase classname="libraries/nestjs-libraries/src/dtos/integrations/posting-times.utils.spec.ts" name="resolveTimeSlotsForDate &gt; deduplicates same time from multiple rules" time="0.000066292">
        </testcase>
        <testcase classname="libraries/nestjs-libraries/src/dtos/integrations/posting-times.utils.spec.ts" name="resolveTimeSlotsForDate &gt; returns empty for no matching rules" time="0.000072875">
        </testcase>
        <testcase classname="libraries/nestjs-libraries/src/dtos/integrations/posting-times.utils.spec.ts" name="resolveTimeSlotsForDate &gt; returns sorted results" time="0.000056666">
        </testcase>
        <testcase classname="libraries/nestjs-libraries/src/dtos/integrations/posting-times.utils.spec.ts" name="serializePostingTimes &gt; should produce valid JSON" time="0.000088333">
        </testcase>
        <testcase classname="libraries/nestjs-libraries/src/dtos/integrations/posting-times.utils.spec.ts" name="validateScheduleRules &gt; should accept valid daily rule" time="0.00009575">
        </testcase>
        <testcase classname="libraries/nestjs-libraries/src/dtos/integrations/posting-times.utils.spec.ts" name="validateScheduleRules &gt; should accept valid weekday rule" time="0.000051625">
        </testcase>
        <testcase classname="libraries/nestjs-libraries/src/dtos/integrations/posting-times.utils.spec.ts" name="validateScheduleRules &gt; should accept valid dayOfWeek rule" time="0.000036875">
        </testcase>
        <testcase classname="libraries/nestjs-libraries/src/dtos/integrations/posting-times.utils.spec.ts" name="validateScheduleRules &gt; should accept valid specificDate rule" time="0.0004175">
        </testcase>
        <testcase classname="libraries/nestjs-libraries/src/dtos/integrations/posting-times.utils.spec.ts" name="validateScheduleRules &gt; should accept all rule types together" time="0.000128834">
        </testcase>
        <testcase classname="libraries/nestjs-libraries/src/dtos/integrations/posting-times.utils.spec.ts" name="validateScheduleRules &gt; should reject time = 1440 (out of range)" time="0.000070125">
        </testcase>
        <testcase classname="libraries/nestjs-libraries/src/dtos/integrations/posting-times.utils.spec.ts" name="validateScheduleRules &gt; should reject negative time" time="0.000057792">
        </testcase>
        <testcase classname="libraries/nestjs-libraries/src/dtos/integrations/posting-times.utils.spec.ts" name="validateScheduleRules &gt; should reject NaN time" time="0.00004575">
        </testcase>
        <testcase classname="libraries/nestjs-libraries/src/dtos/integrations/posting-times.utils.spec.ts" name="validateScheduleRules &gt; should reject Infinity time" time="0.000038417">
        </testcase>
        <testcase classname="libraries/nestjs-libraries/src/dtos/integrations/posting-times.utils.spec.ts" name="validateScheduleRules &gt; should reject fractional time" time="0.000049417">
        </testcase>
        <testcase classname="libraries/nestjs-libraries/src/dtos/integrations/posting-times.utils.spec.ts" name="validateScheduleRules &gt; should reject invalid type" time="0.000035083">
        </testcase>
        <testcase classname="libraries/nestjs-libraries/src/dtos/integrations/posting-times.utils.spec.ts" name="validateScheduleRules &gt; should reject dayOfWeek with day = 7" time="0.000036792">
        </testcase>
        <testcase classname="libraries/nestjs-libraries/src/dtos/integrations/posting-times.utils.spec.ts" name="validateScheduleRules &gt; should reject dayOfWeek with day = -1" time="0.000044875">
        </testcase>
        <testcase classname="libraries/nestjs-libraries/src/dtos/integrations/posting-times.utils.spec.ts" name="validateScheduleRules &gt; should reject dayOfWeek with fractional day" time="0.000037917">
        </testcase>
        <testcase classname="libraries/nestjs-libraries/src/dtos/integrations/posting-times.utils.spec.ts" name="validateScheduleRules &gt; should reject dayOfWeek with NaN day" time="0.000034625">
        </testcase>
        <testcase classname="libraries/nestjs-libraries/src/dtos/integrations/posting-times.utils.spec.ts" name="validateScheduleRules &gt; should reject specificDate with invalid format" time="0.000045709">
        </testcase>
        <testcase classname="libraries/nestjs-libraries/src/dtos/integrations/posting-times.utils.spec.ts" name="validateScheduleRules &gt; should reject specificDate with impossible calendar date" time="0.000056">
        </testcase>
        <testcase classname="libraries/nestjs-libraries/src/dtos/integrations/posting-times.utils.spec.ts" name="validateScheduleRules &gt; should reject specificDate with Feb 30" time="0.0000495">
        </testcase>
        <testcase classname="libraries/nestjs-libraries/src/dtos/integrations/posting-times.utils.spec.ts" name="validateScheduleRules &gt; should accept leap day on leap year" time="0.000045792">
        </testcase>
        <testcase classname="libraries/nestjs-libraries/src/dtos/integrations/posting-times.utils.spec.ts" name="validateScheduleRules &gt; should reject leap day on non-leap year" time="0.000046958">
        </testcase>
        <testcase classname="libraries/nestjs-libraries/src/dtos/integrations/posting-times.utils.spec.ts" name="validateScheduleRules &gt; should accept empty array" time="0.000047125">
        </testcase>
        <testcase classname="libraries/nestjs-libraries/src/dtos/integrations/posting-times.utils.spec.ts" name="validateScheduleRules &gt; should accept boundary values: time=0, time=1439" time="0.000034125">
        </testcase>
        <testcase classname="libraries/nestjs-libraries/src/dtos/integrations/posting-times.utils.spec.ts" name="validateScheduleRules &gt; should accept boundary day values: 0 and 6" time="0.000033042">
        </testcase>
    </testsuite>
    <testsuite name="libraries/nestjs-libraries/src/integrations/__tests__/extension-publish-routing.spec.ts" timestamp="2026-08-07T07:14:07.138Z" hostname="terceldeMac-mini.local" tests="5" failures="0" errors="0" skipped="0" time="0.174590083">
        <testcase classname="libraries/nestjs-libraries/src/integrations/__tests__/extension-publish-routing.spec.ts" name="isExtensionPublishProvider &gt; is true for intrinsic extension-published providers (no usable server API)" time="0.00080625">
        </testcase>
        <testcase classname="libraries/nestjs-libraries/src/integrations/__tests__/extension-publish-routing.spec.ts" name="isExtensionPublishProvider &gt; is false for API-capable providers by default" time="0.000093833">
        </testcase>
        <testcase classname="libraries/nestjs-libraries/src/integrations/__tests__/extension-publish-routing.spec.ts" name="isExtensionPublishProvider &gt; is case-insensitive and safe on empty/unknown input" time="0.000062125">
        </testcase>
        <testcase classname="libraries/nestjs-libraries/src/integrations/__tests__/extension-publish-routing.spec.ts" name="extensionPublishProviderIds &gt; lists the intrinsic extension-published providers" time="0.000597375">
        </testcase>
        <testcase classname="libraries/nestjs-libraries/src/integrations/__tests__/extension-publish-routing.spec.ts" name="EXTENSION_PUBLISH_PLATFORMS env override (sync guard) &gt; routes a publishable dual-capable platform but ignores an unpublishable one" time="0.171860709">
        </testcase>
    </testsuite>
    <testsuite name="libraries/nestjs-libraries/src/integrations/__tests__/refresh.integration.service.spec.ts" timestamp="2026-08-07T07:14:07.138Z" hostname="terceldeMac-mini.local" tests="20" failures="0" errors="0" skipped="0" time="0.006048292">
        <testcase classname="libraries/nestjs-libraries/src/integrations/__tests__/refresh.integration.service.spec.ts" name="isTransientRefreshError &gt; classifies 5xx HTTP status as transient" time="0.000715875">
        </testcase>
        <testcase classname="libraries/nestjs-libraries/src/integrations/__tests__/refresh.integration.service.spec.ts" name="isTransientRefreshError &gt; classifies 429 / 408 / 425 as transient" time="0.000088875">
        </testcase>
        <testcase classname="libraries/nestjs-libraries/src/integrations/__tests__/refresh.integration.service.spec.ts" name="isTransientRefreshError &gt; classifies other 4xx as permanent" time="0.000075042">
        </testcase>
        <testcase classname="libraries/nestjs-libraries/src/integrations/__tests__/refresh.integration.service.spec.ts" name="isTransientRefreshError &gt; classifies node network error codes as transient" time="0.000086416">
        </testcase>
        <testcase classname="libraries/nestjs-libraries/src/integrations/__tests__/refresh.integration.service.spec.ts" name="isTransientRefreshError &gt; classifies OAuth permanent error codes as permanent (overrides HTTP 5xx)" time="0.000077791">
        </testcase>
        <testcase classname="libraries/nestjs-libraries/src/integrations/__tests__/refresh.integration.service.spec.ts" name="isTransientRefreshError &gt; classifies OAuth rate-limit error codes as transient" time="0.000106792">
        </testcase>
        <testcase classname="libraries/nestjs-libraries/src/integrations/__tests__/refresh.integration.service.spec.ts" name="isTransientRefreshError &gt; classifies AbortError / TimeoutError by name as transient" time="0.000050333">
        </testcase>
        <testcase classname="libraries/nestjs-libraries/src/integrations/__tests__/refresh.integration.service.spec.ts" name="isTransientRefreshError &gt; defaults to permanent for unknown error shapes (conservative)" time="0.00009325">
        </testcase>
        <testcase classname="libraries/nestjs-libraries/src/integrations/__tests__/refresh.integration.service.spec.ts" name="isTransientRefreshError &gt; does not confuse HTTP status (number) with error code (string)" time="0.000043708">
        </testcase>
        <testcase classname="libraries/nestjs-libraries/src/integrations/__tests__/refresh.integration.service.spec.ts" name="RefreshIntegrationService.refresh &gt; throws TransientRefreshError on a transient platform error (5xx) — DOES NOT mark refreshNeeded" time="0.00113">
        </testcase>
        <testcase classname="libraries/nestjs-libraries/src/integrations/__tests__/refresh.integration.service.spec.ts" name="RefreshIntegrationService.refresh &gt; throws TransientRefreshError on network error (ECONNRESET) — DOES NOT mark refreshNeeded" time="0.000213875">
        </testcase>
        <testcase classname="libraries/nestjs-libraries/src/integrations/__tests__/refresh.integration.service.spec.ts" name="RefreshIntegrationService.refresh &gt; throws TransientRefreshError on 429 rate limit — DOES NOT mark refreshNeeded" time="0.000154125">
        </testcase>
        <testcase classname="libraries/nestjs-libraries/src/integrations/__tests__/refresh.integration.service.spec.ts" name="RefreshIntegrationService.refresh &gt; marks refreshNeeded + disconnects when the REFRESH endpoint itself returns 401 (refresh_token expired)" time="0.000503917">
        </testcase>
        <testcase classname="libraries/nestjs-libraries/src/integrations/__tests__/refresh.integration.service.spec.ts" name="RefreshIntegrationService.refresh &gt; marks refreshNeeded + disconnects on invalid_grant (permanent revoke)" time="0.000217">
        </testcase>
        <testcase classname="libraries/nestjs-libraries/src/integrations/__tests__/refresh.integration.service.spec.ts" name="RefreshIntegrationService.refresh &gt; does NOT flag refreshNeeded on invalid_grant when a concurrent refresh already rotated the token (benign race)" time="0.000496959">
            <system-err>
[refreshProcess] concurrent-refresh race for integration=int-1 provider=x: another refresh already rotated the token (tokenExpiration advanced) — skipping refreshNeeded/disconnect.

            </system-err>
        </testcase>
        <testcase classname="libraries/nestjs-libraries/src/integrations/__tests__/refresh.integration.service.spec.ts" name="RefreshIntegrationService.refresh &gt; STILL flags refreshNeeded on invalid_grant when the re-read shows no concurrent winner (real revoke)" time="0.000160833">
        </testcase>
        <testcase classname="libraries/nestjs-libraries/src/integrations/__tests__/refresh.integration.service.spec.ts" name="RefreshIntegrationService.refresh &gt; marks refreshNeeded + disconnects when provider returns falsy (no token)" time="0.000146708">
        </testcase>
        <testcase classname="libraries/nestjs-libraries/src/integrations/__tests__/refresh.integration.service.spec.ts" name="RefreshIntegrationService.refresh &gt; marks refreshNeeded on generic non-classifiable thrown error (conservative)" time="0.000189083">
        </testcase>
        <testcase classname="libraries/nestjs-libraries/src/integrations/__tests__/refresh.integration.service.spec.ts" name="RefreshIntegrationService.refresh &gt; returns false without side effects when token is permanent (OAuth 1.0a)" time="0.000229208">
        </testcase>
        <testcase classname="libraries/nestjs-libraries/src/integrations/__tests__/refresh.integration.service.spec.ts" name="RefreshIntegrationService.refresh &gt; persists the new token on successful refresh" time="0.000636333">
        </testcase>
    </testsuite>
    <testsuite name="libraries/nestjs-libraries/src/integrations/__tests__/resolve-publish-method.spec.ts" timestamp="2026-08-07T07:14:07.139Z" hostname="terceldeMac-mini.local" tests="14" failures="0" errors="0" skipped="0" time="0.003910334">
        <testcase classname="libraries/nestjs-libraries/src/integrations/__tests__/resolve-publish-method.spec.ts" name="isExtensionOnlyProvider &gt; is true only for platforms with no usable backend write API" time="0.000694375">
        </testcase>
        <testcase classname="libraries/nestjs-libraries/src/integrations/__tests__/resolve-publish-method.spec.ts" name="isExtensionOnlyProvider &gt; is false for dual-capable and API-only platforms" time="0.000102875">
        </testcase>
        <testcase classname="libraries/nestjs-libraries/src/integrations/__tests__/resolve-publish-method.spec.ts" name="resolvePublishMethod — auto (no user choice) &gt; extension-only platform -&gt; extension even without a bound account" time="0.000075792">
        </testcase>
        <testcase classname="libraries/nestjs-libraries/src/integrations/__tests__/resolve-publish-method.spec.ts" name="resolvePublishMethod — auto (no user choice) &gt; dual-capable platform with a bound account -&gt; defaults to extension" time="0.000035709">
        </testcase>
        <testcase classname="libraries/nestjs-libraries/src/integrations/__tests__/resolve-publish-method.spec.ts" name="resolvePublishMethod — auto (no user choice) &gt; dual-capable platform without a bound account -&gt; extension" time="0.000034416">
        </testcase>
        <testcase classname="libraries/nestjs-libraries/src/integrations/__tests__/resolve-publish-method.spec.ts" name="resolvePublishMethod — auto (no user choice) &gt; API-only platform with a bound account -&gt; api" time="0.000031833">
        </testcase>
        <testcase classname="libraries/nestjs-libraries/src/integrations/__tests__/resolve-publish-method.spec.ts" name="resolvePublishMethod — auto (no user choice) &gt; API-only platform without a bound account -&gt; ACCOUNT_BINDING_REQUIRED" time="0.000357792">
        </testcase>
        <testcase classname="libraries/nestjs-libraries/src/integrations/__tests__/resolve-publish-method.spec.ts" name="resolvePublishMethod — explicit choice = api &gt; honours api when a dual-capable platform has a bound account" time="0.00020125">
        </testcase>
        <testcase classname="libraries/nestjs-libraries/src/integrations/__tests__/resolve-publish-method.spec.ts" name="resolvePublishMethod — explicit choice = api &gt; rejects api on a dual-capable platform with no bound account" time="0.000535541">
        </testcase>
        <testcase classname="libraries/nestjs-libraries/src/integrations/__tests__/resolve-publish-method.spec.ts" name="resolvePublishMethod — explicit choice = api &gt; rejects api on an extension-only platform even when an account is bound" time="0.000119208">
        </testcase>
        <testcase classname="libraries/nestjs-libraries/src/integrations/__tests__/resolve-publish-method.spec.ts" name="getSocialProviderList — static send-path flags &gt; carries extensionPublishable + hasWriteApi per provider" time="0.000619583">
        </testcase>
        <testcase classname="libraries/nestjs-libraries/src/integrations/__tests__/resolve-publish-method.spec.ts" name="getSocialProviderList — static send-path flags &gt; keeps identifier + name (backward compatible)" time="0.000117208">
        </testcase>
        <testcase classname="libraries/nestjs-libraries/src/integrations/__tests__/resolve-publish-method.spec.ts" name="resolvePublishMethod — explicit choice = extension &gt; honours extension on an extension-publishable platform" time="0.000041917">
        </testcase>
        <testcase classname="libraries/nestjs-libraries/src/integrations/__tests__/resolve-publish-method.spec.ts" name="resolvePublishMethod — explicit choice = extension &gt; rejects extension on an API-only platform" time="0.000061666">
        </testcase>
    </testsuite>
    <testsuite name="libraries/nestjs-libraries/src/redis/__tests__/redis.service.real.spec.ts" timestamp="2026-08-07T07:14:07.140Z" hostname="terceldeMac-mini.local" tests="6" failures="0" errors="0" skipped="0" time="1.684677875">
        <testcase classname="libraries/nestjs-libraries/src/redis/__tests__/redis.service.real.spec.ts" name="redis.service — real Redis integration &gt; SET NX EX matches MockRedis behaviour &gt; first SET NX returns OK and stores the value" time="0.031970792">
        </testcase>
        <testcase classname="libraries/nestjs-libraries/src/redis/__tests__/redis.service.real.spec.ts" name="redis.service — real Redis integration &gt; SET NX EX matches MockRedis behaviour &gt; second SET NX on existing key returns null and preserves original" time="0.035272625">
        </testcase>
        <testcase classname="libraries/nestjs-libraries/src/redis/__tests__/redis.service.real.spec.ts" name="redis.service — real Redis integration &gt; SET NX EX matches MockRedis behaviour &gt; SET NX succeeds again after the key TTL elapses" time="1.534019958">
        </testcase>
        <testcase classname="libraries/nestjs-libraries/src/redis/__tests__/redis.service.real.spec.ts" name="redis.service — real Redis integration &gt; SET NX EX matches MockRedis behaviour &gt; GET on a missing key returns null (not undefined)" time="0.023240584">
        </testcase>
        <testcase classname="libraries/nestjs-libraries/src/redis/__tests__/redis.service.real.spec.ts" name="redis.service — real Redis integration &gt; notifyOncePerCooldown against real Redis &gt; invokes notify exactly once across multiple calls within cooldown" time="0.021729417">
        </testcase>
        <testcase classname="libraries/nestjs-libraries/src/redis/__tests__/redis.service.real.spec.ts" name="redis.service — real Redis integration &gt; notifyOncePerCooldown against real Redis &gt; different subjectIds dedupe independently" time="0.024618333">
        </testcase>
    </testsuite>
    <testsuite name="libraries/nestjs-libraries/src/redis/__tests__/redis.service.spec.ts" timestamp="2026-08-07T07:14:07.141Z" hostname="terceldeMac-mini.local" tests="10" failures="0" errors="0" skipped="0" time="1.580830708">
        <testcase classname="libraries/nestjs-libraries/src/redis/__tests__/redis.service.spec.ts" name="MockRedis &gt; SET stores a value retrievable via GET" time="0.037611417">
        </testcase>
        <testcase classname="libraries/nestjs-libraries/src/redis/__tests__/redis.service.spec.ts" name="MockRedis &gt; SET key value EX 60 stores a value with TTL" time="0.021992541">
        </testcase>
        <testcase classname="libraries/nestjs-libraries/src/redis/__tests__/redis.service.spec.ts" name="MockRedis &gt; SET NX returns OK on first call and null on subsequent calls" time="0.032152125">
        </testcase>
        <testcase classname="libraries/nestjs-libraries/src/redis/__tests__/redis.service.spec.ts" name="MockRedis &gt; SET NX succeeds again after the previous TTL expires" time="1.170681584">
        </testcase>
        <testcase classname="libraries/nestjs-libraries/src/redis/__tests__/redis.service.spec.ts" name="MockRedis &gt; DEL removes the key" time="0.035997375">
        </testcase>
        <testcase classname="libraries/nestjs-libraries/src/redis/__tests__/redis.service.spec.ts" name="notifyOncePerCooldown &gt; invokes notify on first call within the cooldown window" time="0.018394292">
        </testcase>
        <testcase classname="libraries/nestjs-libraries/src/redis/__tests__/redis.service.spec.ts" name="notifyOncePerCooldown &gt; suppresses notify on subsequent calls within the cooldown window" time="0.141690791">
        </testcase>
        <testcase classname="libraries/nestjs-libraries/src/redis/__tests__/redis.service.spec.ts" name="notifyOncePerCooldown &gt; different subjectIds are deduped independently" time="0.044142958">
        </testcase>
        <testcase classname="libraries/nestjs-libraries/src/redis/__tests__/redis.service.spec.ts" name="notifyOncePerCooldown &gt; clamps cooldown below 60 seconds to 60 seconds" time="0.0543615">
        </testcase>
        <testcase classname="libraries/nestjs-libraries/src/redis/__tests__/redis.service.spec.ts" name="notifyOncePerCooldown &gt; falls through and notifies if Redis SET throws" time="0.022692375">
            <system-err>
[notifyOncePerCooldown] Redis SET failed for postiz:notify-cooldown:x:suspended:integration-abc: redis down; sending notification anyway

            </system-err>
        </testcase>
    </testsuite>
    <testsuite name="libraries/nestjs-libraries/src/throttler/__tests__/throttler.provider.spec.ts" timestamp="2026-08-07T07:14:07.141Z" hostname="terceldeMac-mini.local" tests="3" failures="0" errors="0" skipped="0" time="0.002031459">
        <testcase classname="libraries/nestjs-libraries/src/throttler/__tests__/throttler.provider.spec.ts" name="ThrottlerBehindProxyGuard — F-04 fix #1 &gt; honors @Throttle metadata on a non-public route (was: silently bypassed)" time="0.00119075">
        </testcase>
        <testcase classname="libraries/nestjs-libraries/src/throttler/__tests__/throttler.provider.spec.ts" name="ThrottlerBehindProxyGuard — F-04 fix #1 &gt; still allows routes WITHOUT @Throttle metadata (no rate limiting)" time="0.000216125">
        </testcase>
        <testcase classname="libraries/nestjs-libraries/src/throttler/__tests__/throttler.provider.spec.ts" name="ThrottlerBehindProxyGuard — F-04 fix #1 &gt; continues to throttle the public-v1 paths regardless of @Throttle metadata" time="0.00007225">
        </testcase>
    </testsuite>
    <testsuite name="libraries/nestjs-libraries/src/services/__tests__/validation.exception.factory.spec.ts" timestamp="2026-08-07T07:14:07.141Z" hostname="terceldeMac-mini.local" tests="3" failures="0" errors="0" skipped="0" time="0.005216125">
        <testcase classname="libraries/nestjs-libraries/src/services/__tests__/validation.exception.factory.spec.ts" name="validationExceptionFactory posts[] labeling &gt; labels a failing posts element with post id and platform" time="0.003554375">
        </testcase>
        <testcase classname="libraries/nestjs-libraries/src/services/__tests__/validation.exception.factory.spec.ts" name="validationExceptionFactory posts[] labeling &gt; falls back to the bare index when the element has no identifying fields" time="0.000468417">
        </testcase>
        <testcase classname="libraries/nestjs-libraries/src/services/__tests__/validation.exception.factory.spec.ts" name="validationExceptionFactory posts[] labeling &gt; keeps default formatting for non-posts errors" time="0.000254334">
        </testcase>
    </testsuite>
    <testsuite name="libraries/nestjs-libraries/src/temporal/__tests__/task-queue.spec.ts" timestamp="2026-08-07T07:14:07.141Z" hostname="terceldeMac-mini.local" tests="24" failures="0" errors="0" skipped="0" time="0.00312175">
        <testcase classname="libraries/nestjs-libraries/src/temporal/__tests__/task-queue.spec.ts" name="getTemporalWorkerMode &gt; returns &quot;merged&quot; when env unset" time="0.000699708">
        </testcase>
        <testcase classname="libraries/nestjs-libraries/src/temporal/__tests__/task-queue.spec.ts" name="getTemporalWorkerMode &gt; returns &quot;merged&quot; for unrecognized values" time="0.000080709">
        </testcase>
        <testcase classname="libraries/nestjs-libraries/src/temporal/__tests__/task-queue.spec.ts" name="getTemporalWorkerMode &gt; returns &quot;per-provider&quot; only for the exact literal" time="0.000053333">
        </testcase>
        <testcase classname="libraries/nestjs-libraries/src/temporal/__tests__/task-queue.spec.ts" name="getSocialTaskQueue &gt; returns the merged queue in merged mode regardless of identifier" time="0.000096083">
        </testcase>
        <testcase classname="libraries/nestjs-libraries/src/temporal/__tests__/task-queue.spec.ts" name="getSocialTaskQueue &gt; returns the identifier root in per-provider mode" time="0.000062958">
        </testcase>
        <testcase classname="libraries/nestjs-libraries/src/temporal/__tests__/task-queue.spec.ts" name="getSocialTaskQueue &gt; strips sub-variant suffix and lowercases in per-provider mode" time="0.000059">
        </testcase>
        <testcase classname="libraries/nestjs-libraries/src/temporal/__tests__/task-queue.spec.ts" name="getEnabledProviderAllowlist &gt; returns null when env unset" time="0.000072875">
        </testcase>
        <testcase classname="libraries/nestjs-libraries/src/temporal/__tests__/task-queue.spec.ts" name="getEnabledProviderAllowlist &gt; returns null for an empty string" time="0.000043541">
        </testcase>
        <testcase classname="libraries/nestjs-libraries/src/temporal/__tests__/task-queue.spec.ts" name="getEnabledProviderAllowlist &gt; returns null for whitespace-only input" time="0.000048375">
        </testcase>
        <testcase classname="libraries/nestjs-libraries/src/temporal/__tests__/task-queue.spec.ts" name="getEnabledProviderAllowlist &gt; parses a simple CSV and lowercases entries" time="0.000291167">
        </testcase>
        <testcase classname="libraries/nestjs-libraries/src/temporal/__tests__/task-queue.spec.ts" name="getEnabledProviderAllowlist &gt; trims whitespace and drops empty tokens" time="0.000063584">
        </testcase>
        <testcase classname="libraries/nestjs-libraries/src/temporal/__tests__/task-queue.spec.ts" name="isProviderEnabled &gt; returns true when allowlist is null (no restriction)" time="0.000065042">
        </testcase>
        <testcase classname="libraries/nestjs-libraries/src/temporal/__tests__/task-queue.spec.ts" name="isProviderEnabled &gt; matches by exact identifier" time="0.000063417">
        </testcase>
        <testcase classname="libraries/nestjs-libraries/src/temporal/__tests__/task-queue.spec.ts" name="isProviderEnabled &gt; matches sub-variant by its root" time="0.000047583">
        </testcase>
        <testcase classname="libraries/nestjs-libraries/src/temporal/__tests__/task-queue.spec.ts" name="isProviderEnabled &gt; does NOT match root when only a sub-variant is listed" time="0.000109541">
        </testcase>
        <testcase classname="libraries/nestjs-libraries/src/temporal/__tests__/task-queue.spec.ts" name="isProviderEnabled &gt; is case-insensitive" time="0.000049833">
        </testcase>
        <testcase classname="libraries/nestjs-libraries/src/temporal/__tests__/task-queue.spec.ts" name="computeRootWorkerSpecs &gt; returns an empty map for an empty provider list" time="0.000079833">
        </testcase>
        <testcase classname="libraries/nestjs-libraries/src/temporal/__tests__/task-queue.spec.ts" name="computeRootWorkerSpecs &gt; creates one spec per root identifier" time="0.000136584">
        </testcase>
        <testcase classname="libraries/nestjs-libraries/src/temporal/__tests__/task-queue.spec.ts" name="computeRootWorkerSpecs &gt; regression for C1: derives a root spec from a sub-variant only" time="0.000052208">
        </testcase>
        <testcase classname="libraries/nestjs-libraries/src/temporal/__tests__/task-queue.spec.ts" name="computeRootWorkerSpecs &gt; merges root + sub-variant into one spec" time="0.000052125">
        </testcase>
[...]
        </testcase>
    </testsuite>
    <testsuite name="libraries/nestjs-libraries/src/database/prisma/posts/__tests__/posts.service.dueMetrics.spec.ts" timestamp="2026-08-07T07:14:07.215Z" hostname="terceldeMac-mini.local" tests="9" failures="0" errors="0" skipped="0" time="0.011214375">
        <testcase classname="libraries/nestjs-libraries/src/database/prisma/posts/__tests__/posts.service.dueMetrics.spec.ts" name="PostsService.getDueMetricsPosts &gt; short-circuits to [] without hitting the repo when ids are empty" time="0.006556292">
        </testcase>
        <testcase classname="libraries/nestjs-libraries/src/database/prisma/posts/__tests__/posts.service.dueMetrics.spec.ts" name="PostsService.getDueMetricsPosts &gt; translates window days / interval hours into concrete past cutoffs" time="0.000959417">
        </testcase>
        <testcase classname="libraries/nestjs-libraries/src/database/prisma/posts/__tests__/posts.service.dueMetrics.spec.ts" name="PostsService.markMetricsFetched &gt; no-ops on empty ids" time="0.000269958">
        </testcase>
        <testcase classname="libraries/nestjs-libraries/src/database/prisma/posts/__tests__/posts.service.dueMetrics.spec.ts" name="PostsService.markMetricsFetched &gt; stamps the given posts with a now timestamp" time="0.000279125">
        </testcase>
        <testcase classname="libraries/nestjs-libraries/src/database/prisma/posts/__tests__/posts.service.dueMetrics.spec.ts" name="PostsService.ingestMetrics &gt; no-ops on empty items" time="0.000276209">
        </testcase>
        <testcase classname="libraries/nestjs-libraries/src/database/prisma/posts/__tests__/posts.service.dueMetrics.spec.ts" name="PostsService.ingestMetrics &gt; resolves the platform server-side and writes weighted X metrics" time="0.001460125">
        </testcase>
        <testcase classname="libraries/nestjs-libraries/src/database/prisma/posts/__tests__/posts.service.dueMetrics.spec.ts" name="PostsService.ingestMetrics &gt; skips posts the org does not own (platform unresolved) — no stamp, no write" time="0.000251584">
        </testcase>
        <testcase classname="libraries/nestjs-libraries/src/database/prisma/posts/__tests__/posts.service.dueMetrics.spec.ts" name="PostsService.ingestMetrics &gt; stamps an owned post with zero metrics but writes no analytics update" time="0.000223625">
        </testcase>
        <testcase classname="libraries/nestjs-libraries/src/database/prisma/posts/__tests__/posts.service.dueMetrics.spec.ts" name="PostsService.ingestMetrics &gt; echoes the persisted value when a zero read declines to overwrite it" time="0.000292166">
        </testcase>
    </testsuite>
    <testsuite name="libraries/nestjs-libraries/src/database/prisma/posts/__tests__/posts.service.getDuePublishPosts.spec.ts" timestamp="2026-08-07T07:14:07.216Z" hostname="terceldeMac-mini.local" tests="8" failures="0" errors="0" skipped="0" time="0.009038625">
        <testcase classname="libraries/nestjs-libraries/src/database/prisma/posts/__tests__/posts.service.getDuePublishPosts.spec.ts" name="PostsService.getDuePublishPosts &gt; resolves the post image field into absolute URLs on segment 0" time="0.006104625">
        </testcase>
        <testcase classname="libraries/nestjs-libraries/src/database/prisma/posts/__tests__/posts.service.getDuePublishPosts.spec.ts" name="PostsService.getDuePublishPosts &gt; omits images when the post has none" time="0.000486041">
        </testcase>
        <testcase classname="libraries/nestjs-libraries/src/database/prisma/posts/__tests__/posts.service.getDuePublishPosts.spec.ts" name="PostsService.getDuePublishPosts &gt; publishes text-only when the stored image field is malformed" time="0.000250125">
        </testcase>
        <testcase classname="libraries/nestjs-libraries/src/database/prisma/posts/__tests__/posts.service.getDuePublishPosts.spec.ts" name="PostsService.getDuePublishPosts &gt; stamps the platform-resolved segmentGapSeconds on each due item" time="0.0003185">
        </testcase>
        <testcase classname="libraries/nestjs-libraries/src/database/prisma/posts/__tests__/posts.service.getDuePublishPosts.spec.ts" name="PostsService.getDuePublishPosts &gt; resolves subreddit from the real RedditSettingsDto array shape (not the raw array)" time="0.000241292">
        </testcase>
        <testcase classname="libraries/nestjs-libraries/src/database/prisma/posts/__tests__/posts.service.getDuePublishPosts.spec.ts" name="PostsService.getDuePublishPosts &gt; forwards the reddit flair LABEL from settings so the extension can pre-select it" time="0.000233958">
        </testcase>
        <testcase classname="libraries/nestjs-libraries/src/database/prisma/posts/__tests__/posts.service.getDuePublishPosts.spec.ts" name="PostsService.getDuePublishPosts &gt; omits flairLabel entirely when the plan proposed none" time="0.000474583">
        </testcase>
        <testcase classname="libraries/nestjs-libraries/src/database/prisma/posts/__tests__/posts.service.getDuePublishPosts.spec.ts" name="PostsService.getDuePublishPosts &gt; omits segmentGapSeconds when the platform has no configured range" time="0.000261709">
        </testcase>
    </testsuite>
    <testsuite name="libraries/nestjs-libraries/src/database/prisma/posts/__tests__/posts.service.markPublishFailed.spec.ts" timestamp="2026-08-07T07:14:07.216Z" hostname="terceldeMac-mini.local" tests="4" failures="0" errors="0" skipped="0" time="0.00567525">
        <testcase classname="libraries/nestjs-libraries/src/database/prisma/posts/__tests__/posts.service.markPublishFailed.spec.ts" name="PostsService.markPublishFailedFromExtension &gt; flips a QUEUE post to ERROR with the reported reason" time="0.00433075">
        </testcase>
        <testcase classname="libraries/nestjs-libraries/src/database/prisma/posts/__tests__/posts.service.markPublishFailed.spec.ts" name="PostsService.markPublishFailedFromExtension &gt; never touches a post that already reached PUBLISHED" time="0.000412833">
        </testcase>
        <testcase classname="libraries/nestjs-libraries/src/database/prisma/posts/__tests__/posts.service.markPublishFailed.spec.ts" name="PostsService.markPublishFailedFromExtension &gt; rejects an unknown or foreign-org post" time="0.000188">
        </testcase>
        <testcase classname="libraries/nestjs-libraries/src/database/prisma/posts/__tests__/posts.service.markPublishFailed.spec.ts" name="PostsService.markPublishFailedFromExtension &gt; refuses to touch a recurring original (clone-per-cycle owns its state)" time="0.000181917">
        </testcase>
    </testsuite>
    <testsuite name="libraries/nestjs-libraries/src/database/prisma/posts/__tests__/posts.service.projectId.spec.ts" timestamp="2026-08-07T07:14:07.216Z" hostname="terceldeMac-mini.local" tests="3" failures="0" errors="0" skipped="0" time="0.00725675">
        <testcase classname="libraries/nestjs-libraries/src/database/prisma/posts/__tests__/posts.service.projectId.spec.ts" name="PostsService projectId threading &gt; createPost forwards body.projectId to PostsRepository.createOrUpdatePost" time="0.005874667">
        </testcase>
        <testcase classname="libraries/nestjs-libraries/src/database/prisma/posts/__tests__/posts.service.projectId.spec.ts" name="PostsService projectId threading &gt; createPost forwards undefined projectId for a legacy, non-project post" time="0.000503708">
        </testcase>
        <testcase classname="libraries/nestjs-libraries/src/database/prisma/posts/__tests__/posts.service.projectId.spec.ts" name="PostsService projectId threading &gt; getPost forwards projectId down to PostsRepository.getPost" time="0.000352959">
        </testcase>
    </testsuite>
    <testsuite name="libraries/nestjs-libraries/src/database/prisma/posts/__tests__/posts.service.schedule.spec.ts" timestamp="2026-08-07T07:14:07.216Z" hostname="terceldeMac-mini.local" tests="18" failures="0" errors="0" skipped="0" time="0.009932625">
        <testcase classname="libraries/nestjs-libraries/src/database/prisma/posts/__tests__/posts.service.schedule.spec.ts" name="PostsService.getPublishMethods &gt; returns an entry for every registered platform (no request filter)" time="0.004256417">
        </testcase>
        <testcase classname="libraries/nestjs-libraries/src/database/prisma/posts/__tests__/posts.service.schedule.spec.ts" name="PostsService.getPublishMethods &gt; dual-capable platform with a bound account: both methods, defaults to extension" time="0.000364375">
        </testcase>
        <testcase classname="libraries/nestjs-libraries/src/database/prisma/posts/__tests__/posts.service.schedule.spec.ts" name="PostsService.getPublishMethods &gt; extension-only platform: extension only, even with a bound account" time="0.000254">
        </testcase>
        <testcase classname="libraries/nestjs-libraries/src/database/prisma/posts/__tests__/posts.service.schedule.spec.ts" name="PostsService.getPublishMethods &gt; API-only platform without a bound account: no methods + ACCOUNT_BINDING_REQUIRED" time="0.00018025">
        </testcase>
        <testcase classname="libraries/nestjs-libraries/src/database/prisma/posts/__tests__/posts.service.schedule.spec.ts" name="PostsService.getPublishMethods &gt; ignores disabled integrations when deciding api capability" time="0.000147542">
        </testcase>
        <testcase classname="libraries/nestjs-libraries/src/database/prisma/posts/__tests__/posts.service.schedule.spec.ts" name="PostsService.schedulePosts &gt; extension post: flips to QUEUE(EXTENSION) and does NOT start Temporal" time="0.001039792">
        </testcase>
        <testcase classname="libraries/nestjs-libraries/src/database/prisma/posts/__tests__/posts.service.schedule.spec.ts" name="PostsService.schedulePosts &gt; api post: flips to QUEUE(API) and starts Temporal exactly once" time="0.000312125">
        </testcase>
        <testcase classname="libraries/nestjs-libraries/src/database/prisma/posts/__tests__/posts.service.schedule.spec.ts" name="PostsService.schedulePosts &gt; api chosen but no bound account: fails that post, no flip, no Temporal" time="0.00029025">
        </testcase>
        <testcase classname="libraries/nestjs-libraries/src/database/prisma/posts/__tests__/posts.service.schedule.spec.ts" name="PostsService.schedulePosts &gt; mixed batch: schedules the good ones and isolates the failures" time="0.00028525">
        </testcase>
        <testcase classname="libraries/nestjs-libraries/src/database/prisma/posts/__tests__/posts.service.schedule.spec.ts" name="PostsService.schedulePosts &gt; passes a per-item date through to the queue flip (override publishDate)" time="0.000408125">
        </testcase>
        <testcase classname="libraries/nestjs-libraries/src/database/prisma/posts/__tests__/posts.service.schedule.spec.ts" name="PostsService.schedulePosts &gt; omits the date arg when the item carries no date (keep materialized publishDate)" time="0.000181375">
        </testcase>
        <testcase classname="libraries/nestjs-libraries/src/database/prisma/posts/__tests__/posts.service.schedule.spec.ts" name="PostsService.schedulePosts &gt; already-QUEUE post is an idempotent success (no re-flip, no re-trigger)" time="0.000207625">
        </testcase>
        <testcase classname="libraries/nestjs-libraries/src/database/prisma/posts/__tests__/posts.service.schedule.spec.ts" name="PostsService.schedulePosts &gt; reports null (not a guessed &quot;extension&quot;) for an already-QUEUE legacy null-method post" time="0.000166625">
        </testcase>
        <testcase classname="libraries/nestjs-libraries/src/database/prisma/posts/__tests__/posts.service.schedule.spec.ts" name="PostsService.schedulePosts — persisted publishMethod &gt; honours the stored API choice instead of auto-resolving to extension" time="0.000227875">
        </testcase>
        <testcase classname="libraries/nestjs-libraries/src/database/prisma/posts/__tests__/posts.service.schedule.spec.ts" name="PostsService.schedulePosts — persisted publishMethod &gt; lets this request override the stored choice" time="0.00021">
        </testcase>
        <testcase classname="libraries/nestjs-libraries/src/database/prisma/posts/__tests__/posts.service.schedule.spec.ts" name="PostsService.schedulePosts — persisted publishMethod &gt; still rejects a stored API choice once the account is gone" time="0.00020575">
        </testcase>
        <testcase classname="libraries/nestjs-libraries/src/database/prisma/posts/__tests__/posts.service.schedule.spec.ts" name="PostsService.schedulePosts — persisted publishMethod &gt; auto-resolves when nothing is stored and nothing is requested" time="0.000252667">
        </testcase>
        <testcase classname="libraries/nestjs-libraries/src/database/prisma/posts/__tests__/posts.service.schedule.spec.ts" name="PostsService.schedulePosts — persisted publishMethod &gt; reports the persisted method for an already-scheduled post" time="0.000189334">
        </testcase>
    </testsuite>
    <testsuite name="libraries/nestjs-libraries/src/dtos/posts/providers-settings/__tests__/all.providers.settings.spec.ts" timestamp="2026-08-07T07:14:07.217Z" hostname="terceldeMac-mini.local" tests="7" failures="0" errors="0" skipped="0" time="0.004870833">
        <testcase classname="libraries/nestjs-libraries/src/dtos/posts/providers-settings/__tests__/all.providers.settings.spec.ts" name="allProviders whitelist &gt; covers every registered social provider identifier" time="0.000870458">
        </testcase>
        <testcase classname="libraries/nestjs-libraries/src/dtos/posts/providers-settings/__tests__/all.providers.settings.spec.ts" name="allProviders whitelist &gt; includes the extension-published article/forum platforms" time="0.000266792">
        </testcase>
        <testcase classname="libraries/nestjs-libraries/src/dtos/posts/providers-settings/__tests__/all.providers.settings.spec.ts" name="allProviders whitelist &gt; has no duplicate entries" time="0.00010825">
        </testcase>
        <testcase classname="libraries/nestjs-libraries/src/dtos/posts/providers-settings/__tests__/all.providers.settings.spec.ts" name="Post.settings discriminator &gt; accepts a quora post, which carries no extra settings" time="0.001833125">
        </testcase>
        <testcase classname="libraries/nestjs-libraries/src/dtos/posts/providers-settings/__tests__/all.providers.settings.spec.ts" name="Post.settings discriminator &gt; accepts a hackernews post carrying a title" time="0.000358917">
        </testcase>
        <testcase classname="libraries/nestjs-libraries/src/dtos/posts/providers-settings/__tests__/all.providers.settings.spec.ts" name="Post.settings discriminator &gt; rejects a hackernews post with no title" time="0.000348417">
        </testcase>
        <testcase classname="libraries/nestjs-libraries/src/dtos/posts/providers-settings/__tests__/all.providers.settings.spec.ts" name="Post.settings discriminator &gt; still rejects an unknown provider" time="0.000157708">
        </testcase>
    </testsuite>
    <testsuite name="libraries/nestjs-libraries/src/dtos/posts/providers-settings/__tests__/medium.settings.dto.spec.ts" timestamp="2026-08-07T07:14:07.217Z" hostname="terceldeMac-mini.local" tests="4" failures="0" errors="0" skipped="0" time="0.005564208">
        <testcase classname="libraries/nestjs-libraries/src/dtos/posts/providers-settings/__tests__/medium.settings.dto.spec.ts" name="MediumSettingsDto subtitle &gt; accepts a payload without a subtitle" time="0.0041145">
        </testcase>
        <testcase classname="libraries/nestjs-libraries/src/dtos/posts/providers-settings/__tests__/medium.settings.dto.spec.ts" name="MediumSettingsDto subtitle &gt; accepts an empty-string subtitle (untouched form field)" time="0.000183583">
        </testcase>
        <testcase classname="libraries/nestjs-libraries/src/dtos/posts/providers-settings/__tests__/medium.settings.dto.spec.ts" name="MediumSettingsDto subtitle &gt; still enforces min length on a provided subtitle" time="0.00052475">
        </testcase>
        <testcase classname="libraries/nestjs-libraries/src/dtos/posts/providers-settings/__tests__/medium.settings.dto.spec.ts" name="MediumSettingsDto subtitle &gt; still requires the title" time="0.000140708">
        </testcase>
    </testsuite>
    <testsuite name="libraries/nestjs-libraries/src/database/prisma/api-usage/__tests__/api-usage.business.spec.ts" timestamp="2026-08-07T07:14:07.218Z" hostname="terceldeMac-mini.local" tests="7" failures="0" errors="0" skipped="0" time="0.00988075">
        <testcase classname="libraries/nestjs-libraries/src/database/prisma/api-usage/__tests__/api-usage.business.spec.ts" name="engageScoreBucket &gt; maps the documented non-overlapping bands" time="0.000714292">
        </testcase>
        <testcase classname="libraries/nestjs-libraries/src/database/prisma/api-usage/__tests__/api-usage.business.spec.ts" name="engageScoreBucket &gt; top band is a catch-all that also covers the scorer max of 105 (&gt;100)" time="0.000074833">
        </testcase>
        <testcase classname="libraries/nestjs-libraries/src/database/prisma/api-usage/__tests__/api-usage.business.spec.ts" name="engageScoreBucket &gt; only ever returns one of the fixed bucket labels" time="0.002513375">
        </testcase>
        <testcase classname="libraries/nestjs-libraries/src/database/prisma/api-usage/__tests__/api-usage.business.spec.ts" name="runWithBizUsage / getBizUsageContext &gt; exposes the context only inside the scope" time="0.001562709">
        </testcase>
        <testcase classname="libraries/nestjs-libraries/src/database/prisma/api-usage/__tests__/api-usage.business.spec.ts" name="runWithBizUsage / getBizUsageContext &gt; survives awaits within the scope" time="0.003714792">
        </testcase>
        <testcase classname="libraries/nestjs-libraries/src/database/prisma/api-usage/__tests__/api-usage.business.spec.ts" name="runWithBizUsage / getBizUsageContext &gt; nested scopes shadow then restore the parent" time="0.000155875">
        </testcase>
        <testcase classname="libraries/nestjs-libraries/src/database/prisma/api-usage/__tests__/api-usage.business.spec.ts" name="runWithBizUsage / getBizUsageContext &gt; recordApiUsage is a safe no-op before any recorder is registered" time="0.000488917">
        </testcase>
    </testsuite>
    <testsuite name="libraries/nestjs-libraries/src/database/prisma/users/__tests__/users.service.getUserLimits.spec.ts" timestamp="2026-08-07T07:14:07.218Z" hostname="terceldeMac-mini.local" tests="4" failures="0" errors="0" skipped="0" time="0.003579625">
        <testcase classname="libraries/nestjs-libraries/src/database/prisma/users/__tests__/users.service.getUserLimits.spec.ts" name="UsersService.getUserLimits &gt; returns null when billing is disabled (no overrides applied)" time="0.001041375">
        </testcase>
        <testcase classname="libraries/nestjs-libraries/src/database/prisma/users/__tests__/users.service.getUserLimits.spec.ts" name="UsersService.getUserLimits &gt; returns the marked sentinel when there is no package — never overridable" time="0.00103075">
        </testcase>
        <testcase classname="libraries/nestjs-libraries/src/database/prisma/users/__tests__/users.service.getUserLimits.spec.ts" name="UsersService.getUserLimits &gt; returns the marked sentinel when the package is expired — never overridable" time="0.000162291">
        </testcase>
        <testcase classname="libraries/nestjs-libraries/src/database/prisma/users/__tests__/users.service.getUserLimits.spec.ts" name="UsersService.getUserLimits &gt; applies post_plan_limits overrides to an active package" time="0.000829166">
        </testcase>
    </testsuite>
</testsuites>
